{"total": {"lines":{"total":655,"covered":650,"skipped":0,"pct":99.23},"statements":{"total":655,"covered":650,"skipped":0,"pct":99.23},"functions":{"total":24,"covered":24,"skipped":0,"pct":100},"branches":{"total":89,"covered":85,"skipped":0,"pct":95.5},"branchesTrue":{"total":0,"covered":0,"skipped":0,"pct":100}}
,"C:\\Users\\explo\\Desktop\\IExam-test\\src\\App.jsx": {"lines":{"total":10,"covered":10,"skipped":0,"pct":100},"functions":{"total":1,"covered":1,"skipped":0,"pct":100},"statements":{"total":10,"covered":10,"skipped":0,"pct":100},"branches":{"total":1,"covered":1,"skipped":0,"pct":100}}
,"C:\\Users\\explo\\Desktop\\IExam-test\\src\\router.jsx": {"lines":{"total":14,"covered":14,"skipped":0,"pct":100},"functions":{"total":0,"covered":0,"skipped":0,"pct":100},"statements":{"total":14,"covered":14,"skipped":0,"pct":100},"branches":{"total":0,"covered":0,"skipped":0,"pct":100}}
,"C:\\Users\\explo\\Desktop\\IExam-test\\src\\components\\BookingInfo\\BookingInfo.jsx": {"lines":{"total":44,"covered":44,"skipped":0,"pct":100},"functions":{"total":1,"covered":1,"skipped":0,"pct":100},"statements":{"total":44,"covered":44,"skipped":0,"pct":100},"branches":{"total":1,"covered":1,"skipped":0,"pct":100}}
,"C:\\Users\\explo\\Desktop\\IExam-test\\src\\components\\ErrorMessage\\ErrorMessage.jsx": {"lines":{"total":8,"covered":8,"skipped":0,"pct":100},"functions":{"total":1,"covered":1,"skipped":0,"pct":100},"statements":{"total":8,"covered":8,"skipped":0,"pct":100},"branches":{"total":1,"covered":1,"skipped":0,"pct":100}}
,"C:\\Users\\explo\\Desktop\\IExam-test\\src\\components\\Input\\Input.jsx": {"lines":{"total":29,"covered":29,"skipped":0,"pct":100},"functions":{"total":1,"covered":1,"skipped":0,"pct":100},"statements":{"total":29,"covered":29,"skipped":0,"pct":100},"branches":{"total":5,"covered":5,"skipped":0,"pct":100}}
,"C:\\Users\\explo\\Desktop\\IExam-test\\src\\components\\Navigation\\Navigation.jsx": {"lines":{"total":18,"covered":18,"skipped":0,"pct":100},"functions":{"total":4,"covered":4,"skipped":0,"pct":100},"statements":{"total":18,"covered":18,"skipped":0,"pct":100},"branches":{"total":10,"covered":10,"skipped":0,"pct":100}}
,"C:\\Users\\explo\\Desktop\\IExam-test\\src\\components\\Shoes\\Shoes.jsx": {"lines":{"total":42,"covered":42,"skipped":0,"pct":100},"functions":{"total":3,"covered":3,"skipped":0,"pct":100},"statements":{"total":42,"covered":42,"skipped":0,"pct":100},"branches":{"total":4,"covered":4,"skipped":0,"pct":100}}
,"C:\\Users\\explo\\Desktop\\IExam-test\\src\\components\\Top\\Top.jsx": {"lines":{"total":10,"covered":10,"skipped":0,"pct":100},"functions":{"total":1,"covered":1,"skipped":0,"pct":100},"statements":{"total":10,"covered":10,"skipped":0,"pct":100},"branches":{"total":1,"covered":1,"skipped":0,"pct":100}}
,"C:\\Users\\explo\\Desktop\\IExam-test\\src\\mocks\\handlers.js": {"lines":{"total":34,"covered":31,"skipped":0,"pct":91.17},"functions":{"total":0,"covered":0,"skipped":0,"pct":100},"statements":{"total":34,"covered":31,"skipped":0,"pct":91.17},"branches":{"total":1,"covered":1,"skipped":0,"pct":100}}
,"C:\\Users\\explo\\Desktop\\IExam-test\\src\\mocks\\server.js": {"lines":{"total":4,"covered":4,"skipped":0,"pct":100},"functions":{"total":0,"covered":0,"skipped":0,"pct":100},"statements":{"total":4,"covered":4,"skipped":0,"pct":100},"branches":{"total":0,"covered":0,"skipped":0,"pct":100}}
,"C:\\Users\\explo\\Desktop\\IExam-test\\src\\mocks\\___test___\\Booking.test.jsx": {"lines":{"total":143,"covered":143,"skipped":0,"pct":100},"functions":{"total":0,"covered":0,"skipped":0,"pct":100},"statements":{"total":143,"covered":143,"skipped":0,"pct":100},"branches":{"total":12,"covered":12,"skipped":0,"pct":100}}
,"C:\\Users\\explo\\Desktop\\IExam-test\\src\\mocks\\___test___\\Confimation.test.jsx": {"lines":{"total":72,"covered":72,"skipped":0,"pct":100},"functions":{"total":0,"covered":0,"skipped":0,"pct":100},"statements":{"total":72,"covered":72,"skipped":0,"pct":100},"branches":{"total":7,"covered":7,"skipped":0,"pct":100}}
,"C:\\Users\\explo\\Desktop\\IExam-test\\src\\mocks\\___test___\\Navigation.test.jsx": {"lines":{"total":43,"covered":43,"skipped":0,"pct":100},"functions":{"total":0,"covered":0,"skipped":0,"pct":100},"statements":{"total":43,"covered":43,"skipped":0,"pct":100},"branches":{"total":5,"covered":5,"skipped":0,"pct":100}}
,"C:\\Users\\explo\\Desktop\\IExam-test\\src\\views\\Booking.jsx": {"lines":{"total":125,"covered":123,"skipped":0,"pct":98.4},"functions":{"total":11,"covered":11,"skipped":0,"pct":100},"statements":{"total":125,"covered":123,"skipped":0,"pct":98.4},"branches":{"total":35,"covered":31,"skipped":0,"pct":88.57}}
,"C:\\Users\\explo\\Desktop\\IExam-test\\src\\views\\Confirmation.jsx": {"lines":{"total":59,"covered":59,"skipped":0,"pct":100},"functions":{"total":1,"covered":1,"skipped":0,"pct":100},"statements":{"total":59,"covered":59,"skipped":0,"pct":100},"branches":{"total":6,"covered":6,"skipped":0,"pct":100}}
}
