{"C:\\Users\\explo\\Desktop\\IExam-test\\src\\App.jsx": {"path":"C:\\Users\\explo\\Desktop\\IExam-test\\src\\App.jsx","all":false,"statementMap":{"0":{"start":{"line":1,"column":0},"end":{"line":1,"column":20}},"1":{"start":{"line":2,"column":0},"end":{"line":2,"column":50}},"3":{"start":{"line":4,"column":0},"end":{"line":4,"column":30}},"5":{"start":{"line":6,"column":0},"end":{"line":6,"column":16}},"7":{"start":{"line":8,"column":0},"end":{"line":8,"column":10}},"8":{"start":{"line":9,"column":0},"end":{"line":9,"column":25}},"9":{"start":{"line":10,"column":0},"end":{"line":10,"column":42}},"10":{"start":{"line":11,"column":0},"end":{"line":11,"column":10}},"12":{"start":{"line":13,"column":0},"end":{"line":13,"column":1}},"14":{"start":{"line":15,"column":0},"end":{"line":15,"column":18}}},"s":{"0":1,"1":1,"3":1,"5":1,"7":1,"8":1,"9":1,"10":1,"12":1,"14":1},"branchMap":{"0":{"type":"branch","line":6,"loc":{"start":{"line":6,"column":0},"end":{"line":13,"column":1}},"locations":[{"start":{"line":6,"column":0},"end":{"line":13,"column":1}}]}},"b":{"0":[1]},"fnMap":{"0":{"name":"App","decl":{"start":{"line":6,"column":0},"end":{"line":13,"column":1}},"loc":{"start":{"line":6,"column":0},"end":{"line":13,"column":1}},"line":6}},"f":{"0":1}}
,"C:\\Users\\explo\\Desktop\\IExam-test\\src\\router.jsx": {"path":"C:\\Users\\explo\\Desktop\\IExam-test\\src\\router.jsx","all":false,"statementMap":{"0":{"start":{"line":1,"column":0},"end":{"line":1,"column":55}},"2":{"start":{"line":3,"column":0},"end":{"line":3,"column":38}},"3":{"start":{"line":4,"column":0},"end":{"line":4,"column":48}},"5":{"start":{"line":6,"column":0},"end":{"line":6,"column":36}},"6":{"start":{"line":7,"column":0},"end":{"line":7,"column":5}},"7":{"start":{"line":8,"column":0},"end":{"line":8,"column":16}},"8":{"start":{"line":9,"column":0},"end":{"line":9,"column":27}},"9":{"start":{"line":10,"column":0},"end":{"line":10,"column":6}},"10":{"start":{"line":11,"column":0},"end":{"line":11,"column":5}},"11":{"start":{"line":12,"column":0},"end":{"line":12,"column":28}},"12":{"start":{"line":13,"column":0},"end":{"line":13,"column":32}},"13":{"start":{"line":14,"column":0},"end":{"line":14,"column":5}},"14":{"start":{"line":15,"column":0},"end":{"line":15,"column":3}},"16":{"start":{"line":17,"column":0},"end":{"line":17,"column":22}}},"s":{"0":1,"2":1,"3":1,"5":1,"6":1,"7":1,"8":1,"9":1,"10":1,"11":1,"12":1,"13":1,"14":1,"16":1},"branchMap":{},"b":{},"fnMap":{},"f":{}}
,"C:\\Users\\explo\\Desktop\\IExam-test\\src\\components\\BookingInfo\\BookingInfo.jsx": {"path":"C:\\Users\\explo\\Desktop\\IExam-test\\src\\components\\BookingInfo\\BookingInfo.jsx","all":false,"statementMap":{"0":{"start":{"line":1,"column":0},"end":{"line":1,"column":28}},"2":{"start":{"line":3,"column":0},"end":{"line":3,"column":35}},"4":{"start":{"line":5,"column":0},"end":{"line":5,"column":48}},"5":{"start":{"line":6,"column":0},"end":{"line":6,"column":10}},"6":{"start":{"line":7,"column":0},"end":{"line":7,"column":38}},"7":{"start":{"line":8,"column":0},"end":{"line":8,"column":14}},"8":{"start":{"line":9,"column":0},"end":{"line":9,"column":67}},"9":{"start":{"line":10,"column":0},"end":{"line":10,"column":15}},"10":{"start":{"line":11,"column":0},"end":{"line":11,"column":46}},"11":{"start":{"line":12,"column":0},"end":{"line":12,"column":48}},"12":{"start":{"line":13,"column":0},"end":{"line":13,"column":16}},"13":{"start":{"line":14,"column":0},"end":{"line":14,"column":24}},"14":{"start":{"line":15,"column":0},"end":{"line":15,"column":23}},"15":{"start":{"line":16,"column":0},"end":{"line":16,"column":44}},"16":{"start":{"line":17,"column":0},"end":{"line":17,"column":23}},"17":{"start":{"line":18,"column":0},"end":{"line":18,"column":47}},"18":{"start":{"line":19,"column":0},"end":{"line":19,"column":12}},"19":{"start":{"line":20,"column":0},"end":{"line":20,"column":16}},"20":{"start":{"line":21,"column":0},"end":{"line":21,"column":24}},"21":{"start":{"line":22,"column":0},"end":{"line":22,"column":23}},"22":{"start":{"line":23,"column":0},"end":{"line":23,"column":23}},"23":{"start":{"line":24,"column":0},"end":{"line":24,"column":47}},"24":{"start":{"line":25,"column":0},"end":{"line":25,"column":12}},"25":{"start":{"line":26,"column":0},"end":{"line":26,"column":18}},"26":{"start":{"line":27,"column":0},"end":{"line":27,"column":14}},"27":{"start":{"line":28,"column":0},"end":{"line":28,"column":43}},"28":{"start":{"line":29,"column":0},"end":{"line":29,"column":23}},"29":{"start":{"line":30,"column":0},"end":{"line":30,"column":41}},"30":{"start":{"line":31,"column":0},"end":{"line":31,"column":23}},"31":{"start":{"line":32,"column":0},"end":{"line":32,"column":45}},"32":{"start":{"line":33,"column":0},"end":{"line":33,"column":23}},"33":{"start":{"line":34,"column":0},"end":{"line":34,"column":10}},"34":{"start":{"line":35,"column":0},"end":{"line":35,"column":14}},"35":{"start":{"line":36,"column":0},"end":{"line":36,"column":33}},"36":{"start":{"line":37,"column":0},"end":{"line":37,"column":23}},"37":{"start":{"line":38,"column":0},"end":{"line":38,"column":43}},"38":{"start":{"line":39,"column":0},"end":{"line":39,"column":22}},"39":{"start":{"line":40,"column":0},"end":{"line":40,"column":45}},"40":{"start":{"line":41,"column":0},"end":{"line":41,"column":23}},"41":{"start":{"line":42,"column":0},"end":{"line":42,"column":10}},"42":{"start":{"line":43,"column":0},"end":{"line":43,"column":13}},"43":{"start":{"line":44,"column":0},"end":{"line":44,"column":14}},"45":{"start":{"line":46,"column":0},"end":{"line":46,"column":1}},"47":{"start":{"line":48,"column":0},"end":{"line":48,"column":27}}},"s":{"0":1,"2":1,"4":58,"5":58,"6":58,"7":58,"8":58,"9":58,"10":58,"11":58,"12":58,"13":58,"14":58,"15":58,"16":58,"17":58,"18":58,"19":58,"20":58,"21":58,"22":58,"23":58,"24":58,"25":58,"26":58,"27":58,"28":58,"29":58,"30":58,"31":58,"32":58,"33":58,"34":58,"35":58,"36":58,"37":58,"38":58,"39":58,"40":58,"41":58,"42":58,"43":58,"45":58,"47":1},"branchMap":{"0":{"type":"branch","line":5,"loc":{"start":{"line":5,"column":0},"end":{"line":46,"column":1}},"locations":[{"start":{"line":5,"column":0},"end":{"line":46,"column":1}}]}},"b":{"0":[58]},"fnMap":{"0":{"name":"BookingInfo","decl":{"start":{"line":5,"column":0},"end":{"line":46,"column":1}},"loc":{"start":{"line":5,"column":0},"end":{"line":46,"column":1}},"line":5}},"f":{"0":58}}
,"C:\\Users\\explo\\Desktop\\IExam-test\\src\\components\\ErrorMessage\\ErrorMessage.jsx": {"path":"C:\\Users\\explo\\Desktop\\IExam-test\\src\\components\\ErrorMessage\\ErrorMessage.jsx","all":false,"statementMap":{"0":{"start":{"line":1,"column":0},"end":{"line":1,"column":29}},"2":{"start":{"line":3,"column":0},"end":{"line":3,"column":36}},"3":{"start":{"line":4,"column":0},"end":{"line":4,"column":10}},"4":{"start":{"line":5,"column":0},"end":{"line":5,"column":39}},"5":{"start":{"line":6,"column":0},"end":{"line":6,"column":54}},"6":{"start":{"line":7,"column":0},"end":{"line":7,"column":14}},"8":{"start":{"line":9,"column":0},"end":{"line":9,"column":1}},"10":{"start":{"line":11,"column":0},"end":{"line":11,"column":28}}},"s":{"0":1,"2":2,"3":2,"4":2,"5":2,"6":2,"8":2,"10":1},"branchMap":{"0":{"type":"branch","line":3,"loc":{"start":{"line":3,"column":0},"end":{"line":9,"column":1}},"locations":[{"start":{"line":3,"column":0},"end":{"line":9,"column":1}}]}},"b":{"0":[2]},"fnMap":{"0":{"name":"ErrorMessage","decl":{"start":{"line":3,"column":0},"end":{"line":9,"column":1}},"loc":{"start":{"line":3,"column":0},"end":{"line":9,"column":1}},"line":3}},"f":{"0":2}}
,"C:\\Users\\explo\\Desktop\\IExam-test\\src\\components\\Input\\Input.jsx": {"path":"C:\\Users\\explo\\Desktop\\IExam-test\\src\\components\\Input\\Input.jsx","all":false,"statementMap":{"0":{"start":{"line":1,"column":0},"end":{"line":1,"column":22}},"2":{"start":{"line":3,"column":0},"end":{"line":3,"column":16}},"3":{"start":{"line":4,"column":0},"end":{"line":4,"column":8}},"4":{"start":{"line":5,"column":0},"end":{"line":5,"column":7}},"5":{"start":{"line":6,"column":0},"end":{"line":6,"column":14}},"6":{"start":{"line":7,"column":0},"end":{"line":7,"column":7}},"7":{"start":{"line":8,"column":0},"end":{"line":8,"column":15}},"8":{"start":{"line":9,"column":0},"end":{"line":9,"column":15}},"9":{"start":{"line":10,"column":0},"end":{"line":10,"column":11}},"10":{"start":{"line":11,"column":0},"end":{"line":11,"column":12}},"11":{"start":{"line":12,"column":0},"end":{"line":12,"column":4}},"12":{"start":{"line":13,"column":0},"end":{"line":13,"column":10}},"13":{"start":{"line":14,"column":0},"end":{"line":14,"column":31}},"14":{"start":{"line":15,"column":0},"end":{"line":15,"column":53}},"15":{"start":{"line":16,"column":0},"end":{"line":16,"column":15}},"16":{"start":{"line":17,"column":0},"end":{"line":17,"column":14}},"17":{"start":{"line":18,"column":0},"end":{"line":18,"column":12}},"18":{"start":{"line":19,"column":0},"end":{"line":19,"column":19}},"19":{"start":{"line":20,"column":0},"end":{"line":20,"column":68}},"20":{"start":{"line":21,"column":0},"end":{"line":21,"column":17}},"21":{"start":{"line":22,"column":0},"end":{"line":22,"column":19}},"22":{"start":{"line":23,"column":0},"end":{"line":23,"column":31}},"23":{"start":{"line":24,"column":0},"end":{"line":24,"column":55}},"24":{"start":{"line":25,"column":0},"end":{"line":25,"column":29}},"25":{"start":{"line":26,"column":0},"end":{"line":26,"column":27}},"26":{"start":{"line":27,"column":0},"end":{"line":27,"column":8}},"27":{"start":{"line":28,"column":0},"end":{"line":28,"column":14}},"29":{"start":{"line":30,"column":0},"end":{"line":30,"column":1}},"31":{"start":{"line":32,"column":0},"end":{"line":32,"column":21}}},"s":{"0":1,"2":337,"3":337,"4":337,"5":337,"6":337,"7":337,"8":337,"9":337,"10":337,"11":337,"12":337,"13":337,"14":337,"15":337,"16":337,"17":337,"18":337,"19":337,"20":337,"21":337,"22":337,"23":337,"24":337,"25":337,"26":337,"27":337,"29":337,"31":1},"branchMap":{"0":{"type":"branch","line":3,"loc":{"start":{"line":3,"column":0},"end":{"line":30,"column":1}},"locations":[{"start":{"line":3,"column":0},"end":{"line":30,"column":1}}]},"1":{"type":"branch","line":20,"loc":{"start":{"line":20,"column":35},"end":{"line":20,"column":63}},"locations":[{"start":{"line":20,"column":35},"end":{"line":20,"column":63}}]},"2":{"type":"branch","line":20,"loc":{"start":{"line":20,"column":49},"end":{"line":20,"column":65}},"locations":[{"start":{"line":20,"column":49},"end":{"line":20,"column":65}}]},"3":{"type":"branch","line":24,"loc":{"start":{"line":24,"column":22},"end":{"line":24,"column":52}},"locations":[{"start":{"line":24,"column":22},"end":{"line":24,"column":52}}]},"4":{"type":"branch","line":24,"loc":{"start":{"line":24,"column":37},"end":{"line":24,"column":55}},"locations":[{"start":{"line":24,"column":37},"end":{"line":24,"column":55}}]}},"b":{"0":[337],"1":[279],"2":[58],"3":[8],"4":[329]},"fnMap":{"0":{"name":"Input","decl":{"start":{"line":3,"column":0},"end":{"line":30,"column":1}},"loc":{"start":{"line":3,"column":0},"end":{"line":30,"column":1}},"line":3}},"f":{"0":337}}
,"C:\\Users\\explo\\Desktop\\IExam-test\\src\\components\\Navigation\\Navigation.jsx": {"path":"C:\\Users\\explo\\Desktop\\IExam-test\\src\\components\\Navigation\\Navigation.jsx","all":false,"statementMap":{"0":{"start":{"line":1,"column":0},"end":{"line":1,"column":27}},"1":{"start":{"line":2,"column":0},"end":{"line":2,"column":47}},"2":{"start":{"line":3,"column":0},"end":{"line":3,"column":47}},"3":{"start":{"line":4,"column":0},"end":{"line":4,"column":33}},"5":{"start":{"line":6,"column":0},"end":{"line":6,"column":23}},"6":{"start":{"line":7,"column":0},"end":{"line":7,"column":35}},"7":{"start":{"line":8,"column":0},"end":{"line":8,"column":52}},"9":{"start":{"line":10,"column":0},"end":{"line":10,"column":12}},"10":{"start":{"line":11,"column":0},"end":{"line":11,"column":73}},"11":{"start":{"line":12,"column":0},"end":{"line":12,"column":83}},"12":{"start":{"line":13,"column":0},"end":{"line":13,"column":58}},"13":{"start":{"line":14,"column":0},"end":{"line":14,"column":85}},"14":{"start":{"line":15,"column":0},"end":{"line":15,"column":58}},"15":{"start":{"line":16,"column":0},"end":{"line":16,"column":85}},"16":{"start":{"line":17,"column":0},"end":{"line":17,"column":75}},"17":{"start":{"line":18,"column":0},"end":{"line":18,"column":14}},"19":{"start":{"line":20,"column":0},"end":{"line":20,"column":1}},"21":{"start":{"line":22,"column":0},"end":{"line":22,"column":26}}},"s":{"0":1,"1":1,"2":1,"3":1,"5":68,"6":68,"7":68,"9":68,"10":68,"11":68,"12":68,"13":68,"14":68,"15":68,"16":68,"17":68,"19":68,"21":1},"branchMap":{"0":{"type":"branch","line":6,"loc":{"start":{"line":6,"column":0},"end":{"line":20,"column":1}},"locations":[{"start":{"line":6,"column":0},"end":{"line":20,"column":1}}]},"1":{"type":"branch","line":11,"loc":{"start":{"line":11,"column":40},"end":{"line":11,"column":65}},"locations":[{"start":{"line":11,"column":40},"end":{"line":11,"column":65}}]},"2":{"type":"branch","line":11,"loc":{"start":{"line":11,"column":51},"end":{"line":11,"column":68}},"locations":[{"start":{"line":11,"column":51},"end":{"line":11,"column":68}}]},"3":{"type":"branch","line":14,"loc":{"start":{"line":14,"column":57},"end":{"line":14,"column":73}},"locations":[{"start":{"line":14,"column":57},"end":{"line":14,"column":73}}]},"4":{"type":"branch","line":14,"loc":{"start":{"line":14,"column":68},"end":{"line":14,"column":80}},"locations":[{"start":{"line":14,"column":68},"end":{"line":14,"column":80}}]},"5":{"type":"branch","line":16,"loc":{"start":{"line":16,"column":57},"end":{"line":16,"column":73}},"locations":[{"start":{"line":16,"column":57},"end":{"line":16,"column":73}}]},"6":{"type":"branch","line":16,"loc":{"start":{"line":16,"column":68},"end":{"line":16,"column":80}},"locations":[{"start":{"line":16,"column":68},"end":{"line":16,"column":80}}]},"7":{"type":"branch","line":13,"loc":{"start":{"line":13,"column":22},"end":{"line":13,"column":56}},"locations":[{"start":{"line":13,"column":22},"end":{"line":13,"column":56}}]},"8":{"type":"branch","line":15,"loc":{"start":{"line":15,"column":22},"end":{"line":15,"column":47}},"locations":[{"start":{"line":15,"column":22},"end":{"line":15,"column":47}}]},"9":{"type":"branch","line":17,"loc":{"start":{"line":17,"column":22},"end":{"line":17,"column":59}},"locations":[{"start":{"line":17,"column":22},"end":{"line":17,"column":59}}]}},"b":{"0":[68],"1":[4],"2":[64],"3":[4],"4":[64],"5":[4],"6":[64],"7":[2],"8":[1],"9":[1]},"fnMap":{"0":{"name":"Navigation","decl":{"start":{"line":6,"column":0},"end":{"line":20,"column":1}},"loc":{"start":{"line":6,"column":0},"end":{"line":20,"column":1}},"line":6},"1":{"name":"onClick","decl":{"start":{"line":13,"column":22},"end":{"line":13,"column":56}},"loc":{"start":{"line":13,"column":22},"end":{"line":13,"column":56}},"line":13},"2":{"name":"onClick","decl":{"start":{"line":15,"column":22},"end":{"line":15,"column":47}},"loc":{"start":{"line":15,"column":22},"end":{"line":15,"column":47}},"line":15},"3":{"name":"onClick","decl":{"start":{"line":17,"column":22},"end":{"line":17,"column":59}},"loc":{"start":{"line":17,"column":22},"end":{"line":17,"column":59}},"line":17}},"f":{"0":68,"1":2,"2":1,"3":1}}
,"C:\\Users\\explo\\Desktop\\IExam-test\\src\\components\\Shoes\\Shoes.jsx": {"path":"C:\\Users\\explo\\Desktop\\IExam-test\\src\\components\\Shoes\\Shoes.jsx","all":false,"statementMap":{"0":{"start":{"line":1,"column":0},"end":{"line":1,"column":22}},"1":{"start":{"line":2,"column":0},"end":{"line":2,"column":32}},"3":{"start":{"line":4,"column":0},"end":{"line":4,"column":35}},"5":{"start":{"line":6,"column":0},"end":{"line":6,"column":60}},"6":{"start":{"line":7,"column":0},"end":{"line":7,"column":49}},"7":{"start":{"line":8,"column":0},"end":{"line":8,"column":52}},"8":{"start":{"line":9,"column":0},"end":{"line":9,"column":23}},"9":{"start":{"line":10,"column":0},"end":{"line":10,"column":54}},"10":{"start":{"line":11,"column":0},"end":{"line":11,"column":14}},"11":{"start":{"line":12,"column":0},"end":{"line":12,"column":23}},"12":{"start":{"line":13,"column":0},"end":{"line":13,"column":21}},"13":{"start":{"line":14,"column":0},"end":{"line":14,"column":36}},"14":{"start":{"line":15,"column":0},"end":{"line":15,"column":25}},"15":{"start":{"line":16,"column":0},"end":{"line":16,"column":35}},"16":{"start":{"line":17,"column":0},"end":{"line":17,"column":23}},"17":{"start":{"line":18,"column":0},"end":{"line":18,"column":10}},"18":{"start":{"line":19,"column":0},"end":{"line":19,"column":15}},"19":{"start":{"line":20,"column":0},"end":{"line":20,"column":56}},"20":{"start":{"line":21,"column":0},"end":{"line":21,"column":26}},"21":{"start":{"line":22,"column":0},"end":{"line":22,"column":33}},"22":{"start":{"line":23,"column":0},"end":{"line":23,"column":12}},"23":{"start":{"line":24,"column":0},"end":{"line":24,"column":9}},"25":{"start":{"line":26,"column":0},"end":{"line":26,"column":17}},"26":{"start":{"line":27,"column":0},"end":{"line":27,"column":16}},"29":{"start":{"line":30,"column":0},"end":{"line":30,"column":21}},"30":{"start":{"line":31,"column":0},"end":{"line":31,"column":5}},"32":{"start":{"line":33,"column":0},"end":{"line":33,"column":10}},"33":{"start":{"line":34,"column":0},"end":{"line":34,"column":31}},"34":{"start":{"line":35,"column":0},"end":{"line":35,"column":14}},"35":{"start":{"line":36,"column":0},"end":{"line":36,"column":49}},"36":{"start":{"line":37,"column":0},"end":{"line":37,"column":15}},"37":{"start":{"line":38,"column":0},"end":{"line":38,"column":17}},"38":{"start":{"line":39,"column":0},"end":{"line":39,"column":13}},"39":{"start":{"line":40,"column":0},"end":{"line":40,"column":33}},"40":{"start":{"line":41,"column":0},"end":{"line":41,"column":24}},"41":{"start":{"line":42,"column":0},"end":{"line":42,"column":28}},"42":{"start":{"line":43,"column":0},"end":{"line":43,"column":10}},"43":{"start":{"line":44,"column":0},"end":{"line":44,"column":7}},"45":{"start":{"line":46,"column":0},"end":{"line":46,"column":15}},"46":{"start":{"line":47,"column":0},"end":{"line":47,"column":14}},"48":{"start":{"line":49,"column":0},"end":{"line":49,"column":1}},"50":{"start":{"line":51,"column":0},"end":{"line":51,"column":21}}},"s":{"0":1,"1":1,"3":1,"5":58,"6":58,"7":97,"8":97,"9":97,"10":97,"11":97,"12":97,"13":97,"14":97,"15":97,"16":97,"17":97,"18":97,"19":97,"20":97,"21":1,"22":1,"23":97,"25":97,"26":97,"29":97,"30":58,"32":58,"33":58,"34":58,"35":58,"36":58,"37":58,"38":58,"39":58,"40":58,"41":15,"42":15,"43":58,"45":58,"46":58,"48":58,"50":1},"branchMap":{"0":{"type":"branch","line":6,"loc":{"start":{"line":6,"column":0},"end":{"line":49,"column":1}},"locations":[{"start":{"line":6,"column":0},"end":{"line":49,"column":1}}]},"1":{"type":"branch","line":7,"loc":{"start":{"line":7,"column":30},"end":{"line":31,"column":3}},"locations":[{"start":{"line":7,"column":30},"end":{"line":31,"column":3}}]},"2":{"type":"branch","line":21,"loc":{"start":{"line":21,"column":19},"end":{"line":23,"column":12}},"locations":[{"start":{"line":21,"column":19},"end":{"line":23,"column":12}}]},"3":{"type":"branch","line":41,"loc":{"start":{"line":41,"column":17},"end":{"line":43,"column":10}},"locations":[{"start":{"line":41,"column":17},"end":{"line":43,"column":10}}]}},"b":{"0":[58],"1":[97],"2":[1],"3":[15]},"fnMap":{"0":{"name":"Shoes","decl":{"start":{"line":6,"column":0},"end":{"line":49,"column":1}},"loc":{"start":{"line":6,"column":0},"end":{"line":49,"column":1}},"line":6},"1":{"name":"onClick","decl":{"start":{"line":21,"column":19},"end":{"line":23,"column":12}},"loc":{"start":{"line":21,"column":19},"end":{"line":23,"column":12}},"line":21},"2":{"name":"onClick","decl":{"start":{"line":41,"column":17},"end":{"line":43,"column":10}},"loc":{"start":{"line":41,"column":17},"end":{"line":43,"column":10}},"line":41}},"f":{"0":58,"1":1,"2":15}}
,"C:\\Users\\explo\\Desktop\\IExam-test\\src\\components\\Top\\Top.jsx": {"path":"C:\\Users\\explo\\Desktop\\IExam-test\\src\\components\\Top\\Top.jsx","all":false,"statementMap":{"0":{"start":{"line":1,"column":0},"end":{"line":1,"column":20}},"1":{"start":{"line":2,"column":0},"end":{"line":2,"column":48}},"3":{"start":{"line":4,"column":0},"end":{"line":4,"column":25}},"4":{"start":{"line":5,"column":0},"end":{"line":5,"column":12}},"5":{"start":{"line":6,"column":0},"end":{"line":6,"column":32}},"6":{"start":{"line":7,"column":0},"end":{"line":7,"column":54}},"7":{"start":{"line":8,"column":0},"end":{"line":8,"column":53}},"8":{"start":{"line":9,"column":0},"end":{"line":9,"column":17}},"10":{"start":{"line":11,"column":0},"end":{"line":11,"column":1}},"12":{"start":{"line":13,"column":0},"end":{"line":13,"column":19}}},"s":{"0":1,"1":1,"3":62,"4":62,"5":62,"6":62,"7":62,"8":62,"10":62,"12":1},"branchMap":{"0":{"type":"branch","line":4,"loc":{"start":{"line":4,"column":0},"end":{"line":11,"column":1}},"locations":[{"start":{"line":4,"column":0},"end":{"line":11,"column":1}}]}},"b":{"0":[62]},"fnMap":{"0":{"name":"Top","decl":{"start":{"line":4,"column":0},"end":{"line":11,"column":1}},"loc":{"start":{"line":4,"column":0},"end":{"line":11,"column":1}},"line":4}},"f":{"0":62}}
,"C:\\Users\\explo\\Desktop\\IExam-test\\src\\mocks\\handlers.js": {"path":"C:\\Users\\explo\\Desktop\\IExam-test\\src\\mocks\\handlers.js","all":false,"statementMap":{"0":{"start":{"line":1,"column":0},"end":{"line":1,"column":74}},"1":{"start":{"line":2,"column":0},"end":{"line":2,"column":0}},"2":{"start":{"line":3,"column":0},"end":{"line":3,"column":25}},"3":{"start":{"line":4,"column":0},"end":{"line":4,"column":11}},"4":{"start":{"line":5,"column":0},"end":{"line":5,"column":75}},"5":{"start":{"line":6,"column":0},"end":{"line":6,"column":11}},"6":{"start":{"line":7,"column":0},"end":{"line":7,"column":70}},"7":{"start":{"line":8,"column":0},"end":{"line":8,"column":43}},"8":{"start":{"line":9,"column":0},"end":{"line":9,"column":5}},"9":{"start":{"line":10,"column":0},"end":{"line":10,"column":4}},"10":{"start":{"line":11,"column":0},"end":{"line":11,"column":12}},"11":{"start":{"line":12,"column":0},"end":{"line":12,"column":62}},"12":{"start":{"line":13,"column":0},"end":{"line":13,"column":28}},"13":{"start":{"line":14,"column":0},"end":{"line":14,"column":40}},"14":{"start":{"line":15,"column":0},"end":{"line":15,"column":50}},"15":{"start":{"line":16,"column":0},"end":{"line":16,"column":0}},"16":{"start":{"line":17,"column":0},"end":{"line":17,"column":67}},"17":{"start":{"line":18,"column":0},"end":{"line":18,"column":28}},"18":{"start":{"line":19,"column":0},"end":{"line":19,"column":19}},"19":{"start":{"line":20,"column":0},"end":{"line":20,"column":32}},"20":{"start":{"line":21,"column":0},"end":{"line":21,"column":21}},"21":{"start":{"line":22,"column":0},"end":{"line":22,"column":13}},"22":{"start":{"line":23,"column":0},"end":{"line":23,"column":14}},"23":{"start":{"line":24,"column":0},"end":{"line":24,"column":15}},"24":{"start":{"line":25,"column":0},"end":{"line":25,"column":14}},"25":{"start":{"line":26,"column":0},"end":{"line":26,"column":14}},"26":{"start":{"line":27,"column":0},"end":{"line":27,"column":8}},"27":{"start":{"line":28,"column":0},"end":{"line":28,"column":0}},"28":{"start":{"line":29,"column":0},"end":{"line":29,"column":75}},"29":{"start":{"line":30,"column":0},"end":{"line":30,"column":0}},"30":{"start":{"line":31,"column":0},"end":{"line":31,"column":45}},"31":{"start":{"line":32,"column":0},"end":{"line":32,"column":5}},"32":{"start":{"line":33,"column":0},"end":{"line":33,"column":4}},"33":{"start":{"line":34,"column":0},"end":{"line":34,"column":2}}},"s":{"0":1,"1":1,"2":1,"3":1,"4":1,"5":1,"6":0,"7":0,"8":0,"9":1,"10":1,"11":1,"12":1,"13":1,"14":1,"15":1,"16":1,"17":1,"18":1,"19":1,"20":1,"21":1,"22":1,"23":1,"24":1,"25":1,"26":1,"27":1,"28":1,"29":1,"30":1,"31":1,"32":1,"33":1},"branchMap":{"0":{"type":"branch","line":13,"loc":{"start":{"line":13,"column":4},"end":{"line":32,"column":5}},"locations":[{"start":{"line":13,"column":4},"end":{"line":32,"column":5}}]}},"b":{"0":[1]},"fnMap":{},"f":{}}
,"C:\\Users\\explo\\Desktop\\IExam-test\\src\\mocks\\server.js": {"path":"C:\\Users\\explo\\Desktop\\IExam-test\\src\\mocks\\server.js","all":false,"statementMap":{"0":{"start":{"line":1,"column":0},"end":{"line":1,"column":67}},"1":{"start":{"line":2,"column":0},"end":{"line":2,"column":50}},"2":{"start":{"line":3,"column":0},"end":{"line":3,"column":0}},"3":{"start":{"line":4,"column":0},"end":{"line":4,"column":47}}},"s":{"0":1,"1":1,"2":1,"3":1},"branchMap":{},"b":{},"fnMap":{},"f":{}}
,"C:\\Users\\explo\\Desktop\\IExam-test\\src\\mocks\\___test___\\Booking.test.jsx": {"path":"C:\\Users\\explo\\Desktop\\IExam-test\\src\\mocks\\___test___\\Booking.test.jsx","all":false,"statementMap":{"0":{"start":{"line":1,"column":0},"end":{"line":1,"column":26}},"1":{"start":{"line":2,"column":0},"end":{"line":2,"column":76}},"2":{"start":{"line":3,"column":0},"end":{"line":3,"column":63}},"3":{"start":{"line":4,"column":0},"end":{"line":4,"column":42}},"4":{"start":{"line":5,"column":0},"end":{"line":5,"column":46}},"6":{"start":{"line":7,"column":0},"end":{"line":7,"column":37}},"7":{"start":{"line":8,"column":0},"end":{"line":8,"column":77}},"8":{"start":{"line":9,"column":0},"end":{"line":9,"column":11}},"9":{"start":{"line":10,"column":0},"end":{"line":10,"column":20}},"10":{"start":{"line":11,"column":0},"end":{"line":11,"column":19}},"11":{"start":{"line":12,"column":0},"end":{"line":12,"column":21}},"12":{"start":{"line":13,"column":0},"end":{"line":13,"column":6}},"14":{"start":{"line":15,"column":0},"end":{"line":15,"column":53}},"15":{"start":{"line":16,"column":0},"end":{"line":16,"column":53}},"17":{"start":{"line":18,"column":0},"end":{"line":18,"column":69}},"18":{"start":{"line":19,"column":0},"end":{"line":19,"column":64}},"20":{"start":{"line":21,"column":0},"end":{"line":21,"column":47}},"21":{"start":{"line":22,"column":0},"end":{"line":22,"column":42}},"22":{"start":{"line":23,"column":0},"end":{"line":23,"column":5}},"24":{"start":{"line":25,"column":0},"end":{"line":25,"column":68}},"25":{"start":{"line":26,"column":0},"end":{"line":26,"column":11}},"26":{"start":{"line":27,"column":0},"end":{"line":27,"column":20}},"27":{"start":{"line":28,"column":0},"end":{"line":28,"column":19}},"28":{"start":{"line":29,"column":0},"end":{"line":29,"column":21}},"29":{"start":{"line":30,"column":0},"end":{"line":30,"column":6}},"31":{"start":{"line":32,"column":0},"end":{"line":32,"column":77}},"32":{"start":{"line":33,"column":0},"end":{"line":33,"column":63}},"34":{"start":{"line":35,"column":0},"end":{"line":35,"column":41}},"35":{"start":{"line":36,"column":0},"end":{"line":36,"column":5}},"37":{"start":{"line":38,"column":0},"end":{"line":38,"column":85}},"38":{"start":{"line":39,"column":0},"end":{"line":39,"column":11}},"39":{"start":{"line":40,"column":0},"end":{"line":40,"column":20}},"40":{"start":{"line":41,"column":0},"end":{"line":41,"column":19}},"41":{"start":{"line":42,"column":0},"end":{"line":42,"column":21}},"42":{"start":{"line":43,"column":0},"end":{"line":43,"column":6}},"44":{"start":{"line":45,"column":0},"end":{"line":45,"column":77}},"45":{"start":{"line":46,"column":0},"end":{"line":46,"column":64}},"47":{"start":{"line":48,"column":0},"end":{"line":48,"column":65}},"48":{"start":{"line":49,"column":0},"end":{"line":49,"column":61}},"50":{"start":{"line":51,"column":0},"end":{"line":51,"column":42}},"51":{"start":{"line":52,"column":0},"end":{"line":52,"column":39}},"52":{"start":{"line":53,"column":0},"end":{"line":53,"column":5}},"54":{"start":{"line":55,"column":0},"end":{"line":55,"column":64}},"55":{"start":{"line":56,"column":0},"end":{"line":56,"column":11}},"56":{"start":{"line":57,"column":0},"end":{"line":57,"column":20}},"57":{"start":{"line":58,"column":0},"end":{"line":58,"column":19}},"58":{"start":{"line":59,"column":0},"end":{"line":59,"column":21}},"59":{"start":{"line":60,"column":0},"end":{"line":60,"column":6}},"61":{"start":{"line":62,"column":0},"end":{"line":62,"column":59}},"62":{"start":{"line":63,"column":0},"end":{"line":63,"column":34}},"64":{"start":{"line":65,"column":0},"end":{"line":65,"column":77}},"65":{"start":{"line":66,"column":0},"end":{"line":66,"column":45}},"66":{"start":{"line":67,"column":0},"end":{"line":67,"column":5}},"68":{"start":{"line":69,"column":0},"end":{"line":69,"column":86}},"69":{"start":{"line":70,"column":0},"end":{"line":70,"column":11}},"70":{"start":{"line":71,"column":0},"end":{"line":71,"column":20}},"71":{"start":{"line":72,"column":0},"end":{"line":72,"column":19}},"72":{"start":{"line":73,"column":0},"end":{"line":73,"column":21}},"73":{"start":{"line":74,"column":0},"end":{"line":74,"column":6}},"75":{"start":{"line":76,"column":0},"end":{"line":76,"column":57}},"76":{"start":{"line":77,"column":0},"end":{"line":77,"column":57}},"78":{"start":{"line":79,"column":0},"end":{"line":79,"column":73}},"79":{"start":{"line":80,"column":0},"end":{"line":80,"column":68}},"81":{"start":{"line":82,"column":0},"end":{"line":82,"column":51}},"82":{"start":{"line":83,"column":0},"end":{"line":83,"column":46}},"84":{"start":{"line":85,"column":0},"end":{"line":85,"column":48}},"85":{"start":{"line":86,"column":0},"end":{"line":86,"column":33}},"86":{"start":{"line":87,"column":0},"end":{"line":87,"column":37}},"87":{"start":{"line":88,"column":0},"end":{"line":88,"column":5}},"89":{"start":{"line":90,"column":0},"end":{"line":90,"column":66}},"90":{"start":{"line":91,"column":0},"end":{"line":91,"column":53}},"92":{"start":{"line":93,"column":0},"end":{"line":93,"column":40}},"93":{"start":{"line":94,"column":0},"end":{"line":94,"column":75}},"94":{"start":{"line":95,"column":0},"end":{"line":95,"column":53}},"95":{"start":{"line":96,"column":0},"end":{"line":96,"column":7}},"97":{"start":{"line":98,"column":0},"end":{"line":98,"column":77}},"98":{"start":{"line":99,"column":0},"end":{"line":99,"column":63}},"100":{"start":{"line":101,"column":0},"end":{"line":101,"column":65}},"101":{"start":{"line":102,"column":0},"end":{"line":102,"column":61}},"103":{"start":{"line":104,"column":0},"end":{"line":104,"column":59}},"104":{"start":{"line":105,"column":0},"end":{"line":105,"column":34}},"105":{"start":{"line":106,"column":0},"end":{"line":106,"column":42}},"106":{"start":{"line":107,"column":0},"end":{"line":107,"column":44}},"107":{"start":{"line":108,"column":0},"end":{"line":108,"column":6}},"108":{"start":{"line":109,"column":0},"end":{"line":109,"column":45}},"109":{"start":{"line":110,"column":0},"end":{"line":110,"column":5}},"111":{"start":{"line":112,"column":0},"end":{"line":112,"column":73}},"112":{"start":{"line":113,"column":0},"end":{"line":113,"column":11}},"113":{"start":{"line":114,"column":0},"end":{"line":114,"column":20}},"114":{"start":{"line":115,"column":0},"end":{"line":115,"column":19}},"115":{"start":{"line":116,"column":0},"end":{"line":116,"column":21}},"116":{"start":{"line":117,"column":0},"end":{"line":117,"column":6}},"118":{"start":{"line":119,"column":0},"end":{"line":119,"column":48}},"119":{"start":{"line":120,"column":0},"end":{"line":120,"column":35}},"121":{"start":{"line":122,"column":0},"end":{"line":122,"column":62}},"122":{"start":{"line":123,"column":0},"end":{"line":123,"column":65}},"124":{"start":{"line":125,"column":0},"end":{"line":125,"column":43}},"125":{"start":{"line":126,"column":0},"end":{"line":126,"column":5}},"127":{"start":{"line":128,"column":0},"end":{"line":128,"column":74}},"128":{"start":{"line":129,"column":0},"end":{"line":129,"column":11}},"129":{"start":{"line":130,"column":0},"end":{"line":130,"column":20}},"130":{"start":{"line":131,"column":0},"end":{"line":131,"column":19}},"131":{"start":{"line":132,"column":0},"end":{"line":132,"column":21}},"132":{"start":{"line":133,"column":0},"end":{"line":133,"column":6}},"134":{"start":{"line":135,"column":0},"end":{"line":135,"column":48}},"135":{"start":{"line":136,"column":0},"end":{"line":136,"column":35}},"137":{"start":{"line":138,"column":0},"end":{"line":138,"column":62}},"138":{"start":{"line":139,"column":0},"end":{"line":139,"column":65}},"139":{"start":{"line":140,"column":0},"end":{"line":140,"column":65}},"141":{"start":{"line":142,"column":0},"end":{"line":142,"column":43}},"142":{"start":{"line":143,"column":0},"end":{"line":143,"column":5}},"144":{"start":{"line":145,"column":0},"end":{"line":145,"column":89}},"145":{"start":{"line":146,"column":0},"end":{"line":146,"column":11}},"146":{"start":{"line":147,"column":0},"end":{"line":147,"column":20}},"147":{"start":{"line":148,"column":0},"end":{"line":148,"column":19}},"148":{"start":{"line":149,"column":0},"end":{"line":149,"column":21}},"149":{"start":{"line":150,"column":0},"end":{"line":150,"column":6}},"151":{"start":{"line":152,"column":0},"end":{"line":152,"column":48}},"152":{"start":{"line":153,"column":0},"end":{"line":153,"column":35}},"153":{"start":{"line":154,"column":0},"end":{"line":154,"column":35}},"155":{"start":{"line":156,"column":0},"end":{"line":156,"column":66}},"156":{"start":{"line":157,"column":0},"end":{"line":157,"column":69}},"157":{"start":{"line":158,"column":0},"end":{"line":158,"column":69}},"159":{"start":{"line":160,"column":0},"end":{"line":160,"column":47}},"160":{"start":{"line":161,"column":0},"end":{"line":161,"column":47}},"161":{"start":{"line":162,"column":0},"end":{"line":162,"column":5}},"163":{"start":{"line":164,"column":0},"end":{"line":164,"column":67}},"164":{"start":{"line":165,"column":0},"end":{"line":165,"column":13}},"165":{"start":{"line":166,"column":0},"end":{"line":166,"column":22}},"166":{"start":{"line":167,"column":0},"end":{"line":167,"column":21}},"167":{"start":{"line":168,"column":0},"end":{"line":168,"column":23}},"168":{"start":{"line":169,"column":0},"end":{"line":169,"column":8}},"169":{"start":{"line":170,"column":0},"end":{"line":170,"column":50}},"170":{"start":{"line":171,"column":0},"end":{"line":171,"column":37}},"171":{"start":{"line":172,"column":0},"end":{"line":172,"column":37}},"173":{"start":{"line":174,"column":0},"end":{"line":174,"column":66}},"174":{"start":{"line":175,"column":0},"end":{"line":175,"column":44}},"176":{"start":{"line":177,"column":0},"end":{"line":177,"column":59}},"177":{"start":{"line":178,"column":0},"end":{"line":178,"column":40}},"179":{"start":{"line":180,"column":0},"end":{"line":180,"column":62}},"180":{"start":{"line":181,"column":0},"end":{"line":181,"column":44}},"181":{"start":{"line":182,"column":0},"end":{"line":182,"column":7}},"182":{"start":{"line":183,"column":0},"end":{"line":183,"column":3}}},"s":{"0":1,"1":1,"2":1,"3":1,"4":1,"6":1,"7":1,"8":1,"9":1,"10":1,"11":1,"12":1,"14":1,"15":1,"17":1,"18":1,"20":1,"21":1,"22":1,"24":1,"25":1,"26":1,"27":1,"28":1,"29":1,"31":1,"32":1,"34":1,"35":1,"37":1,"38":1,"39":1,"40":1,"41":1,"42":1,"44":1,"45":1,"47":1,"48":1,"50":1,"51":1,"52":1,"54":1,"55":1,"56":1,"57":1,"58":1,"59":1,"61":1,"62":1,"64":1,"65":1,"66":1,"68":1,"69":1,"70":1,"71":1,"72":1,"73":1,"75":1,"76":1,"78":1,"79":1,"81":1,"82":1,"84":1,"85":1,"86":5,"87":5,"89":1,"90":1,"92":1,"93":5,"94":5,"95":1,"97":1,"98":1,"100":1,"101":1,"103":1,"104":1,"105":1,"106":1,"107":1,"108":1,"109":1,"111":1,"112":1,"113":1,"114":1,"115":1,"116":1,"118":1,"119":1,"121":1,"122":1,"124":1,"125":1,"127":1,"128":1,"129":1,"130":1,"131":1,"132":1,"134":1,"135":1,"137":1,"138":1,"139":1,"141":1,"142":1,"144":1,"145":1,"146":1,"147":1,"148":1,"149":1,"151":1,"152":1,"153":1,"155":1,"156":1,"157":1,"159":1,"160":1,"161":1,"163":1,"164":1,"165":1,"166":1,"167":1,"168":1,"169":1,"170":1,"171":1,"173":1,"174":1,"176":1,"177":1,"179":1,"180":1,"181":1,"182":1},"branchMap":{"0":{"type":"branch","line":7,"loc":{"start":{"line":7,"column":30},"end":{"line":183,"column":3}},"locations":[{"start":{"line":7,"column":30},"end":{"line":183,"column":3}}]},"1":{"type":"branch","line":8,"loc":{"start":{"line":8,"column":70},"end":{"line":23,"column":3}},"locations":[{"start":{"line":8,"column":70},"end":{"line":23,"column":3}}]},"2":{"type":"branch","line":25,"loc":{"start":{"line":25,"column":61},"end":{"line":36,"column":3}},"locations":[{"start":{"line":25,"column":61},"end":{"line":36,"column":3}}]},"3":{"type":"branch","line":38,"loc":{"start":{"line":38,"column":78},"end":{"line":53,"column":3}},"locations":[{"start":{"line":38,"column":78},"end":{"line":53,"column":3}}]},"4":{"type":"branch","line":55,"loc":{"start":{"line":55,"column":57},"end":{"line":67,"column":3}},"locations":[{"start":{"line":55,"column":57},"end":{"line":67,"column":3}}]},"5":{"type":"branch","line":69,"loc":{"start":{"line":69,"column":79},"end":{"line":110,"column":3}},"locations":[{"start":{"line":69,"column":79},"end":{"line":110,"column":3}}]},"6":{"type":"branch","line":86,"loc":{"start":{"line":86,"column":32},"end":{"line":88,"column":5}},"locations":[{"start":{"line":86,"column":32},"end":{"line":88,"column":5}}]},"7":{"type":"branch","line":93,"loc":{"start":{"line":93,"column":22},"end":{"line":96,"column":5}},"locations":[{"start":{"line":93,"column":22},"end":{"line":96,"column":5}}]},"8":{"type":"branch","line":112,"loc":{"start":{"line":112,"column":66},"end":{"line":126,"column":3}},"locations":[{"start":{"line":112,"column":66},"end":{"line":126,"column":3}}]},"9":{"type":"branch","line":128,"loc":{"start":{"line":128,"column":67},"end":{"line":143,"column":3}},"locations":[{"start":{"line":128,"column":67},"end":{"line":143,"column":3}}]},"10":{"type":"branch","line":145,"loc":{"start":{"line":145,"column":82},"end":{"line":162,"column":3}},"locations":[{"start":{"line":145,"column":82},"end":{"line":162,"column":3}}]},"11":{"type":"branch","line":164,"loc":{"start":{"line":164,"column":60},"end":{"line":182,"column":5}},"locations":[{"start":{"line":164,"column":60},"end":{"line":182,"column":5}}]}},"b":{"0":[1],"1":[1],"2":[1],"3":[1],"4":[1],"5":[1],"6":[5],"7":[5],"8":[1],"9":[1],"10":[1],"11":[1]},"fnMap":{},"f":{}}
,"C:\\Users\\explo\\Desktop\\IExam-test\\src\\mocks\\___test___\\Confimation.test.jsx": {"path":"C:\\Users\\explo\\Desktop\\IExam-test\\src\\mocks\\___test___\\Confimation.test.jsx","all":false,"statementMap":{"0":{"start":{"line":1,"column":0},"end":{"line":1,"column":26}},"1":{"start":{"line":2,"column":0},"end":{"line":2,"column":76}},"2":{"start":{"line":3,"column":0},"end":{"line":3,"column":48}},"3":{"start":{"line":4,"column":0},"end":{"line":4,"column":52}},"4":{"start":{"line":5,"column":0},"end":{"line":5,"column":28}},"6":{"start":{"line":7,"column":0},"end":{"line":7,"column":42}},"7":{"start":{"line":8,"column":0},"end":{"line":8,"column":85}},"8":{"start":{"line":9,"column":0},"end":{"line":9,"column":11}},"9":{"start":{"line":10,"column":0},"end":{"line":10,"column":20}},"10":{"start":{"line":11,"column":0},"end":{"line":11,"column":24}},"11":{"start":{"line":12,"column":0},"end":{"line":12,"column":21}},"12":{"start":{"line":13,"column":0},"end":{"line":13,"column":6}},"14":{"start":{"line":15,"column":0},"end":{"line":15,"column":72}},"15":{"start":{"line":16,"column":0},"end":{"line":16,"column":5}},"17":{"start":{"line":18,"column":0},"end":{"line":18,"column":68}},"18":{"start":{"line":19,"column":0},"end":{"line":19,"column":27}},"19":{"start":{"line":20,"column":0},"end":{"line":20,"column":21}},"20":{"start":{"line":21,"column":0},"end":{"line":21,"column":22}},"21":{"start":{"line":22,"column":0},"end":{"line":22,"column":33}},"22":{"start":{"line":23,"column":0},"end":{"line":23,"column":18}},"23":{"start":{"line":24,"column":0},"end":{"line":24,"column":17}},"24":{"start":{"line":25,"column":0},"end":{"line":25,"column":19}},"25":{"start":{"line":26,"column":0},"end":{"line":26,"column":19}},"26":{"start":{"line":27,"column":0},"end":{"line":27,"column":8}},"27":{"start":{"line":28,"column":0},"end":{"line":28,"column":6}},"29":{"start":{"line":30,"column":0},"end":{"line":30,"column":11}},"30":{"start":{"line":31,"column":0},"end":{"line":31,"column":20}},"31":{"start":{"line":32,"column":0},"end":{"line":32,"column":24}},"32":{"start":{"line":33,"column":0},"end":{"line":33,"column":21}},"33":{"start":{"line":34,"column":0},"end":{"line":34,"column":6}},"35":{"start":{"line":36,"column":0},"end":{"line":36,"column":66}},"36":{"start":{"line":37,"column":0},"end":{"line":37,"column":73}},"37":{"start":{"line":38,"column":0},"end":{"line":38,"column":57}},"38":{"start":{"line":39,"column":0},"end":{"line":39,"column":59}},"39":{"start":{"line":40,"column":0},"end":{"line":40,"column":63}},"40":{"start":{"line":41,"column":0},"end":{"line":41,"column":12}},"41":{"start":{"line":42,"column":0},"end":{"line":42,"column":6}},"42":{"start":{"line":43,"column":0},"end":{"line":43,"column":55}},"43":{"start":{"line":44,"column":0},"end":{"line":44,"column":5}},"45":{"start":{"line":46,"column":0},"end":{"line":46,"column":78}},"46":{"start":{"line":47,"column":0},"end":{"line":47,"column":20}},"48":{"start":{"line":49,"column":0},"end":{"line":49,"column":52}},"49":{"start":{"line":50,"column":0},"end":{"line":50,"column":52}},"50":{"start":{"line":51,"column":0},"end":{"line":51,"column":75}},"51":{"start":{"line":52,"column":0},"end":{"line":52,"column":64}},"52":{"start":{"line":53,"column":0},"end":{"line":53,"column":48}},"53":{"start":{"line":54,"column":0},"end":{"line":54,"column":56}},"55":{"start":{"line":56,"column":0},"end":{"line":56,"column":69}},"56":{"start":{"line":57,"column":0},"end":{"line":57,"column":64}},"57":{"start":{"line":58,"column":0},"end":{"line":58,"column":61}},"58":{"start":{"line":59,"column":0},"end":{"line":59,"column":61}},"60":{"start":{"line":61,"column":0},"end":{"line":61,"column":33}},"61":{"start":{"line":62,"column":0},"end":{"line":62,"column":37}},"62":{"start":{"line":63,"column":0},"end":{"line":63,"column":5}},"63":{"start":{"line":64,"column":0},"end":{"line":64,"column":71}},"64":{"start":{"line":65,"column":0},"end":{"line":65,"column":35}},"65":{"start":{"line":66,"column":0},"end":{"line":66,"column":59}},"66":{"start":{"line":67,"column":0},"end":{"line":67,"column":7}},"68":{"start":{"line":69,"column":0},"end":{"line":69,"column":25}},"69":{"start":{"line":70,"column":0},"end":{"line":70,"column":34}},"70":{"start":{"line":71,"column":0},"end":{"line":71,"column":7}},"72":{"start":{"line":73,"column":0},"end":{"line":73,"column":75}},"74":{"start":{"line":75,"column":0},"end":{"line":75,"column":66}},"75":{"start":{"line":76,"column":0},"end":{"line":76,"column":73}},"76":{"start":{"line":77,"column":0},"end":{"line":77,"column":57}},"77":{"start":{"line":78,"column":0},"end":{"line":78,"column":59}},"78":{"start":{"line":79,"column":0},"end":{"line":79,"column":63}},"79":{"start":{"line":80,"column":0},"end":{"line":80,"column":12}},"80":{"start":{"line":81,"column":0},"end":{"line":81,"column":6}},"81":{"start":{"line":82,"column":0},"end":{"line":82,"column":60}},"82":{"start":{"line":83,"column":0},"end":{"line":83,"column":5}},"83":{"start":{"line":84,"column":0},"end":{"line":84,"column":3}}},"s":{"0":1,"1":1,"2":1,"3":1,"4":1,"6":1,"7":1,"8":1,"9":1,"10":1,"11":1,"12":1,"14":1,"15":1,"17":1,"18":1,"19":1,"20":1,"21":1,"22":1,"23":1,"24":1,"25":1,"26":1,"27":1,"29":1,"30":1,"31":1,"32":1,"33":1,"35":1,"36":1,"37":1,"38":1,"39":1,"40":1,"41":1,"42":1,"43":1,"45":1,"46":1,"48":1,"49":1,"50":1,"51":1,"52":1,"53":1,"55":1,"56":1,"57":1,"58":1,"60":1,"61":4,"62":4,"63":1,"64":1,"65":4,"66":1,"68":1,"69":1,"70":1,"72":1,"74":1,"75":1,"76":1,"77":1,"78":1,"79":1,"80":1,"81":1,"82":1,"83":1},"branchMap":{"0":{"type":"branch","line":7,"loc":{"start":{"line":7,"column":35},"end":{"line":84,"column":3}},"locations":[{"start":{"line":7,"column":35},"end":{"line":84,"column":3}}]},"1":{"type":"branch","line":8,"loc":{"start":{"line":8,"column":78},"end":{"line":16,"column":3}},"locations":[{"start":{"line":8,"column":78},"end":{"line":16,"column":3}}]},"2":{"type":"branch","line":18,"loc":{"start":{"line":18,"column":61},"end":{"line":44,"column":3}},"locations":[{"start":{"line":18,"column":61},"end":{"line":44,"column":3}}]},"3":{"type":"branch","line":46,"loc":{"start":{"line":46,"column":65},"end":{"line":83,"column":3}},"locations":[{"start":{"line":46,"column":65},"end":{"line":83,"column":3}}]},"4":{"type":"branch","line":61,"loc":{"start":{"line":61,"column":32},"end":{"line":63,"column":5}},"locations":[{"start":{"line":61,"column":32},"end":{"line":63,"column":5}}]},"5":{"type":"branch","line":65,"loc":{"start":{"line":65,"column":23},"end":{"line":67,"column":5}},"locations":[{"start":{"line":65,"column":23},"end":{"line":67,"column":5}}]},"6":{"type":"branch","line":69,"loc":{"start":{"line":69,"column":18},"end":{"line":71,"column":5}},"locations":[{"start":{"line":69,"column":18},"end":{"line":71,"column":5}}]}},"b":{"0":[1],"1":[1],"2":[1],"3":[1],"4":[4],"5":[4],"6":[1]},"fnMap":{},"f":{}}
,"C:\\Users\\explo\\Desktop\\IExam-test\\src\\mocks\\___test___\\Navigation.test.jsx": {"path":"C:\\Users\\explo\\Desktop\\IExam-test\\src\\mocks\\___test___\\Navigation.test.jsx","all":false,"statementMap":{"0":{"start":{"line":1,"column":0},"end":{"line":1,"column":67}},"1":{"start":{"line":2,"column":0},"end":{"line":2,"column":63}},"2":{"start":{"line":3,"column":0},"end":{"line":3,"column":42}},"3":{"start":{"line":4,"column":0},"end":{"line":4,"column":52}},"4":{"start":{"line":5,"column":0},"end":{"line":5,"column":64}},"6":{"start":{"line":7,"column":0},"end":{"line":7,"column":40}},"7":{"start":{"line":8,"column":0},"end":{"line":8,"column":82}},"8":{"start":{"line":9,"column":0},"end":{"line":9,"column":11}},"9":{"start":{"line":10,"column":0},"end":{"line":10,"column":43}},"10":{"start":{"line":11,"column":0},"end":{"line":11,"column":22}},"11":{"start":{"line":12,"column":0},"end":{"line":12,"column":16}},"12":{"start":{"line":13,"column":0},"end":{"line":13,"column":50}},"13":{"start":{"line":14,"column":0},"end":{"line":14,"column":67}},"14":{"start":{"line":15,"column":0},"end":{"line":15,"column":17}},"15":{"start":{"line":16,"column":0},"end":{"line":16,"column":21}},"16":{"start":{"line":17,"column":0},"end":{"line":17,"column":6}},"17":{"start":{"line":18,"column":0},"end":{"line":18,"column":65}},"18":{"start":{"line":19,"column":0},"end":{"line":19,"column":35}},"19":{"start":{"line":20,"column":0},"end":{"line":20,"column":53}},"20":{"start":{"line":21,"column":0},"end":{"line":21,"column":79}},"21":{"start":{"line":22,"column":0},"end":{"line":22,"column":35}},"23":{"start":{"line":24,"column":0},"end":{"line":24,"column":69}},"24":{"start":{"line":25,"column":0},"end":{"line":25,"column":5}},"26":{"start":{"line":27,"column":0},"end":{"line":27,"column":92}},"27":{"start":{"line":28,"column":0},"end":{"line":28,"column":11}},"28":{"start":{"line":29,"column":0},"end":{"line":29,"column":43}},"29":{"start":{"line":30,"column":0},"end":{"line":30,"column":22}},"30":{"start":{"line":31,"column":0},"end":{"line":31,"column":16}},"31":{"start":{"line":32,"column":0},"end":{"line":32,"column":50}},"32":{"start":{"line":33,"column":0},"end":{"line":33,"column":67}},"33":{"start":{"line":34,"column":0},"end":{"line":34,"column":17}},"34":{"start":{"line":35,"column":0},"end":{"line":35,"column":21}},"35":{"start":{"line":36,"column":0},"end":{"line":36,"column":6}},"36":{"start":{"line":37,"column":0},"end":{"line":37,"column":65}},"37":{"start":{"line":38,"column":0},"end":{"line":38,"column":35}},"38":{"start":{"line":39,"column":0},"end":{"line":39,"column":53}},"39":{"start":{"line":40,"column":0},"end":{"line":40,"column":42}},"40":{"start":{"line":41,"column":0},"end":{"line":41,"column":51}},"41":{"start":{"line":42,"column":0},"end":{"line":42,"column":6}},"42":{"start":{"line":43,"column":0},"end":{"line":43,"column":40}},"44":{"start":{"line":45,"column":0},"end":{"line":45,"column":66}},"45":{"start":{"line":46,"column":0},"end":{"line":46,"column":5}},"46":{"start":{"line":47,"column":0},"end":{"line":47,"column":3}}},"s":{"0":1,"1":1,"2":1,"3":1,"4":1,"6":1,"7":1,"8":1,"9":1,"10":1,"11":1,"12":1,"13":1,"14":1,"15":1,"16":1,"17":1,"18":1,"19":1,"20":1,"21":1,"23":1,"24":1,"26":1,"27":1,"28":1,"29":1,"30":1,"31":1,"32":1,"33":1,"34":1,"35":1,"36":1,"37":1,"38":1,"39":1,"40":1,"41":1,"42":1,"44":1,"45":1,"46":1},"branchMap":{"0":{"type":"branch","line":7,"loc":{"start":{"line":7,"column":33},"end":{"line":47,"column":3}},"locations":[{"start":{"line":7,"column":33},"end":{"line":47,"column":3}}]},"1":{"type":"branch","line":8,"loc":{"start":{"line":8,"column":69},"end":{"line":25,"column":3}},"locations":[{"start":{"line":8,"column":69},"end":{"line":25,"column":3}}]},"2":{"type":"branch","line":21,"loc":{"start":{"line":21,"column":37},"end":{"line":21,"column":77}},"locations":[{"start":{"line":21,"column":37},"end":{"line":21,"column":77}}]},"3":{"type":"branch","line":27,"loc":{"start":{"line":27,"column":79},"end":{"line":46,"column":3}},"locations":[{"start":{"line":27,"column":79},"end":{"line":46,"column":3}}]},"4":{"type":"branch","line":41,"loc":{"start":{"line":41,"column":6},"end":{"line":41,"column":51}},"locations":[{"start":{"line":41,"column":6},"end":{"line":41,"column":51}}]}},"b":{"0":[1],"1":[1],"2":[1],"3":[1],"4":[2]},"fnMap":{},"f":{}}
,"C:\\Users\\explo\\Desktop\\IExam-test\\src\\views\\Booking.jsx": {"path":"C:\\Users\\explo\\Desktop\\IExam-test\\src\\views\\Booking.jsx","all":false,"statementMap":{"0":{"start":{"line":1,"column":0},"end":{"line":1,"column":33}},"1":{"start":{"line":2,"column":0},"end":{"line":2,"column":47}},"2":{"start":{"line":3,"column":0},"end":{"line":3,"column":24}},"4":{"start":{"line":5,"column":0},"end":{"line":5,"column":64}},"5":{"start":{"line":6,"column":0},"end":{"line":6,"column":67}},"6":{"start":{"line":7,"column":0},"end":{"line":7,"column":61}},"7":{"start":{"line":8,"column":0},"end":{"line":8,"column":46}},"8":{"start":{"line":9,"column":0},"end":{"line":9,"column":40}},"10":{"start":{"line":11,"column":0},"end":{"line":11,"column":20}},"11":{"start":{"line":12,"column":0},"end":{"line":12,"column":42}},"12":{"start":{"line":13,"column":0},"end":{"line":13,"column":13}},"13":{"start":{"line":14,"column":0},"end":{"line":14,"column":13}},"14":{"start":{"line":15,"column":0},"end":{"line":15,"column":13}},"15":{"start":{"line":16,"column":0},"end":{"line":16,"column":14}},"16":{"start":{"line":17,"column":0},"end":{"line":17,"column":5}},"17":{"start":{"line":18,"column":0},"end":{"line":18,"column":41}},"18":{"start":{"line":19,"column":0},"end":{"line":19,"column":41}},"19":{"start":{"line":20,"column":0},"end":{"line":20,"column":33}},"21":{"start":{"line":22,"column":0},"end":{"line":22,"column":40}},"22":{"start":{"line":23,"column":0},"end":{"line":23,"column":41}},"23":{"start":{"line":24,"column":0},"end":{"line":24,"column":17}},"25":{"start":{"line":26,"column":0},"end":{"line":26,"column":32}},"26":{"start":{"line":27,"column":0},"end":{"line":27,"column":19}},"27":{"start":{"line":28,"column":0},"end":{"line":28,"column":20}},"28":{"start":{"line":29,"column":0},"end":{"line":29,"column":8}},"29":{"start":{"line":30,"column":0},"end":{"line":30,"column":3}},"31":{"start":{"line":32,"column":0},"end":{"line":32,"column":30}},"32":{"start":{"line":33,"column":0},"end":{"line":33,"column":41}},"33":{"start":{"line":34,"column":0},"end":{"line":34,"column":17}},"35":{"start":{"line":36,"column":0},"end":{"line":36,"column":51}},"36":{"start":{"line":37,"column":0},"end":{"line":37,"column":29}},"37":{"start":{"line":38,"column":0},"end":{"line":38,"column":31}},"38":{"start":{"line":39,"column":0},"end":{"line":39,"column":60}},"39":{"start":{"line":40,"column":0},"end":{"line":40,"column":9}},"40":{"start":{"line":41,"column":0},"end":{"line":41,"column":8}},"41":{"start":{"line":42,"column":0},"end":{"line":42,"column":5}},"42":{"start":{"line":43,"column":0},"end":{"line":43,"column":3}},"44":{"start":{"line":45,"column":0},"end":{"line":45,"column":26}},"45":{"start":{"line":46,"column":0},"end":{"line":46,"column":17}},"47":{"start":{"line":48,"column":0},"end":{"line":48,"column":49}},"48":{"start":{"line":49,"column":0},"end":{"line":49,"column":3}},"50":{"start":{"line":51,"column":0},"end":{"line":51,"column":29}},"51":{"start":{"line":52,"column":0},"end":{"line":52,"column":17}},"53":{"start":{"line":54,"column":0},"end":{"line":54,"column":55}},"54":{"start":{"line":55,"column":0},"end":{"line":55,"column":3}},"56":{"start":{"line":57,"column":0},"end":{"line":57,"column":32}},"57":{"start":{"line":58,"column":0},"end":{"line":58,"column":22}},"59":{"start":{"line":60,"column":0},"end":{"line":60,"column":76}},"61":{"start":{"line":62,"column":0},"end":{"line":62,"column":18}},"62":{"start":{"line":63,"column":0},"end":{"line":63,"column":3}},"64":{"start":{"line":65,"column":0},"end":{"line":65,"column":35}},"65":{"start":{"line":66,"column":0},"end":{"line":66,"column":35}},"66":{"start":{"line":67,"column":0},"end":{"line":67,"column":66}},"68":{"start":{"line":69,"column":0},"end":{"line":69,"column":56}},"70":{"start":{"line":71,"column":0},"end":{"line":71,"column":17}},"71":{"start":{"line":72,"column":0},"end":{"line":72,"column":3}},"73":{"start":{"line":74,"column":0},"end":{"line":74,"column":43}},"74":{"start":{"line":75,"column":0},"end":{"line":75,"column":33}},"75":{"start":{"line":76,"column":0},"end":{"line":76,"column":64}},"76":{"start":{"line":77,"column":0},"end":{"line":77,"column":7}},"77":{"start":{"line":78,"column":0},"end":{"line":78,"column":23}},"78":{"start":{"line":79,"column":0},"end":{"line":79,"column":18}},"79":{"start":{"line":80,"column":0},"end":{"line":80,"column":62}},"80":{"start":{"line":81,"column":0},"end":{"line":81,"column":10}},"81":{"start":{"line":82,"column":0},"end":{"line":82,"column":42}},"82":{"start":{"line":83,"column":0},"end":{"line":83,"column":7}},"83":{"start":{"line":84,"column":0},"end":{"line":84,"column":6}},"84":{"start":{"line":85,"column":0},"end":{"line":85,"column":39}},"86":{"start":{"line":87,"column":0},"end":{"line":87,"column":16}},"87":{"start":{"line":88,"column":0},"end":{"line":88,"column":3}},"89":{"start":{"line":90,"column":0},"end":{"line":90,"column":36}},"90":{"start":{"line":91,"column":0},"end":{"line":91,"column":53}},"91":{"start":{"line":92,"column":0},"end":{"line":92,"column":3}},"93":{"start":{"line":94,"column":0},"end":{"line":94,"column":43}},"94":{"start":{"line":95,"column":0},"end":{"line":95,"column":37}},"95":{"start":{"line":96,"column":0},"end":{"line":96,"column":75}},"97":{"start":{"line":98,"column":0},"end":{"line":98,"column":16}},"98":{"start":{"line":99,"column":0},"end":{"line":99,"column":7}},"99":{"start":{"line":100,"column":0},"end":{"line":100,"column":3}},"101":{"start":{"line":102,"column":0},"end":{"line":102,"column":25}},"102":{"start":{"line":103,"column":0},"end":{"line":103,"column":26}},"104":{"start":{"line":105,"column":0},"end":{"line":105,"column":78}},"105":{"start":{"line":106,"column":0},"end":{"line":106,"column":54}},"106":{"start":{"line":107,"column":0},"end":{"line":107,"column":42}},"107":{"start":{"line":108,"column":0},"end":{"line":108,"column":75}},"108":{"start":{"line":109,"column":0},"end":{"line":109,"column":38}},"109":{"start":{"line":110,"column":0},"end":{"line":110,"column":52}},"110":{"start":{"line":111,"column":0},"end":{"line":111,"column":41}},"111":{"start":{"line":112,"column":0},"end":{"line":112,"column":59}},"112":{"start":{"line":113,"column":0},"end":{"line":113,"column":5}},"115":{"start":{"line":116,"column":0},"end":{"line":116,"column":23}},"116":{"start":{"line":117,"column":0},"end":{"line":117,"column":29}},"117":{"start":{"line":118,"column":0},"end":{"line":118,"column":48}},"118":{"start":{"line":119,"column":0},"end":{"line":119,"column":5}},"120":{"start":{"line":121,"column":0},"end":{"line":121,"column":25}},"121":{"start":{"line":122,"column":0},"end":{"line":122,"column":46}},"122":{"start":{"line":123,"column":0},"end":{"line":123,"column":27}},"123":{"start":{"line":124,"column":0},"end":{"line":124,"column":29}},"124":{"start":{"line":125,"column":0},"end":{"line":125,"column":44}},"125":{"start":{"line":126,"column":0},"end":{"line":126,"column":6}},"127":{"start":{"line":128,"column":0},"end":{"line":128,"column":24}},"129":{"start":{"line":130,"column":0},"end":{"line":130,"column":29}},"131":{"start":{"line":132,"column":0},"end":{"line":132,"column":56}},"132":{"start":{"line":133,"column":0},"end":{"line":133,"column":41}},"134":{"start":{"line":135,"column":0},"end":{"line":135,"column":31}},"135":{"start":{"line":136,"column":0},"end":{"line":136,"column":51}},"136":{"start":{"line":137,"column":0},"end":{"line":137,"column":7}},"137":{"start":{"line":138,"column":0},"end":{"line":138,"column":3}},"139":{"start":{"line":140,"column":0},"end":{"line":140,"column":10}},"140":{"start":{"line":141,"column":0},"end":{"line":141,"column":33}},"141":{"start":{"line":142,"column":0},"end":{"line":142,"column":20}},"142":{"start":{"line":143,"column":0},"end":{"line":143,"column":29}},"143":{"start":{"line":144,"column":0},"end":{"line":144,"column":65}},"144":{"start":{"line":145,"column":0},"end":{"line":145,"column":12}},"145":{"start":{"line":146,"column":0},"end":{"line":146,"column":31}},"146":{"start":{"line":147,"column":0},"end":{"line":147,"column":25}},"147":{"start":{"line":148,"column":0},"end":{"line":148,"column":31}},"148":{"start":{"line":149,"column":0},"end":{"line":149,"column":21}},"149":{"start":{"line":150,"column":0},"end":{"line":150,"column":8}},"150":{"start":{"line":151,"column":0},"end":{"line":151,"column":64}},"152":{"start":{"line":153,"column":0},"end":{"line":153,"column":15}},"153":{"start":{"line":154,"column":0},"end":{"line":154,"column":53}},"154":{"start":{"line":155,"column":0},"end":{"line":155,"column":14}},"156":{"start":{"line":157,"column":0},"end":{"line":157,"column":1}},"158":{"start":{"line":159,"column":0},"end":{"line":159,"column":23}}},"s":{"0":1,"1":1,"2":1,"4":1,"5":1,"6":1,"7":1,"8":1,"10":58,"11":58,"12":58,"13":58,"14":58,"15":58,"16":58,"17":58,"18":58,"19":58,"21":58,"22":13,"23":13,"25":13,"26":13,"27":13,"28":13,"29":13,"31":58,"32":14,"33":14,"35":14,"36":14,"37":14,"38":48,"39":14,"40":14,"41":14,"42":14,"44":58,"45":15,"47":15,"48":15,"50":58,"51":1,"53":1,"54":1,"56":58,"57":2,"59":2,"61":2,"62":2,"64":58,"65":2,"66":2,"68":2,"70":1,"71":2,"73":58,"74":1,"75":1,"76":1,"77":1,"78":1,"79":1,"80":1,"81":1,"82":1,"83":1,"84":1,"86":1,"87":1,"89":58,"90":2,"91":2,"93":58,"94":1,"95":1,"97":1,"98":1,"99":1,"101":58,"102":3,"104":3,"105":1,"106":2,"107":0,"108":2,"109":0,"110":2,"111":1,"112":1,"115":3,"116":2,"117":2,"118":2,"120":1,"121":1,"122":1,"123":1,"124":1,"125":1,"127":1,"129":1,"131":1,"132":1,"134":1,"135":1,"136":1,"137":3,"139":58,"140":58,"141":58,"142":58,"143":58,"144":58,"145":58,"146":58,"147":58,"148":58,"149":58,"150":58,"152":58,"153":58,"154":58,"156":58,"158":1},"branchMap":{"0":{"type":"branch","line":11,"loc":{"start":{"line":11,"column":0},"end":{"line":157,"column":1}},"locations":[{"start":{"line":11,"column":0},"end":{"line":157,"column":1}}]},"1":{"type":"branch","line":154,"loc":{"start":{"line":154,"column":7},"end":{"line":154,"column":50}},"locations":[{"start":{"line":154,"column":7},"end":{"line":154,"column":50}}]},"2":{"type":"branch","line":154,"loc":{"start":{"line":154,"column":45},"end":{"line":154,"column":53}},"locations":[{"start":{"line":154,"column":45},"end":{"line":154,"column":53}}]},"3":{"type":"branch","line":22,"loc":{"start":{"line":22,"column":2},"end":{"line":30,"column":3}},"locations":[{"start":{"line":22,"column":2},"end":{"line":30,"column":3}}]},"4":{"type":"branch","line":26,"loc":{"start":{"line":26,"column":15},"end":{"line":29,"column":6}},"locations":[{"start":{"line":26,"column":15},"end":{"line":29,"column":6}}]},"5":{"type":"branch","line":32,"loc":{"start":{"line":32,"column":2},"end":{"line":43,"column":3}},"locations":[{"start":{"line":32,"column":2},"end":{"line":43,"column":3}}]},"6":{"type":"branch","line":36,"loc":{"start":{"line":36,"column":25},"end":{"line":36,"column":50}},"locations":[{"start":{"line":36,"column":25},"end":{"line":36,"column":50}}]},"7":{"type":"branch","line":37,"loc":{"start":{"line":37,"column":15},"end":{"line":40,"column":9}},"locations":[{"start":{"line":37,"column":15},"end":{"line":40,"column":9}}]},"8":{"type":"branch","line":38,"loc":{"start":{"line":38,"column":22},"end":{"line":39,"column":60}},"locations":[{"start":{"line":38,"column":22},"end":{"line":39,"column":60}}]},"9":{"type":"branch","line":39,"loc":{"start":{"line":39,"column":22},"end":{"line":39,"column":56}},"locations":[{"start":{"line":39,"column":22},"end":{"line":39,"column":56}}]},"10":{"type":"branch","line":39,"loc":{"start":{"line":39,"column":52},"end":{"line":39,"column":60}},"locations":[{"start":{"line":39,"column":52},"end":{"line":39,"column":60}}]},"11":{"type":"branch","line":45,"loc":{"start":{"line":45,"column":2},"end":{"line":49,"column":3}},"locations":[{"start":{"line":45,"column":2},"end":{"line":49,"column":3}}]},"12":{"type":"branch","line":51,"loc":{"start":{"line":51,"column":2},"end":{"line":55,"column":3}},"locations":[{"start":{"line":51,"column":2},"end":{"line":55,"column":3}}]},"13":{"type":"branch","line":54,"loc":{"start":{"line":54,"column":26},"end":{"line":54,"column":52}},"locations":[{"start":{"line":54,"column":26},"end":{"line":54,"column":52}}]},"14":{"type":"branch","line":57,"loc":{"start":{"line":57,"column":2},"end":{"line":63,"column":3}},"locations":[{"start":{"line":57,"column":2},"end":{"line":63,"column":3}}]},"15":{"type":"branch","line":60,"loc":{"start":{"line":60,"column":14},"end":{"line":60,"column":74}},"locations":[{"start":{"line":60,"column":14},"end":{"line":60,"column":74}}]},"16":{"type":"branch","line":60,"loc":{"start":{"line":60,"column":48},"end":{"line":60,"column":74}},"locations":[{"start":{"line":60,"column":48},"end":{"line":60,"column":74}}]},"17":{"type":"branch","line":65,"loc":{"start":{"line":65,"column":2},"end":{"line":72,"column":3}},"locations":[{"start":{"line":65,"column":2},"end":{"line":72,"column":3}}]},"18":{"type":"branch","line":69,"loc":{"start":{"line":69,"column":44},"end":{"line":71,"column":17}},"locations":[{"start":{"line":69,"column":44},"end":{"line":71,"column":17}}]},"19":{"type":"branch","line":74,"loc":{"start":{"line":74,"column":2},"end":{"line":88,"column":3}},"locations":[{"start":{"line":74,"column":2},"end":{"line":88,"column":3}}]},"20":{"type":"branch","line":90,"loc":{"start":{"line":90,"column":2},"end":{"line":92,"column":3}},"locations":[{"start":{"line":90,"column":2},"end":{"line":92,"column":3}}]},"21":{"type":"branch","line":94,"loc":{"start":{"line":94,"column":2},"end":{"line":100,"column":3}},"locations":[{"start":{"line":94,"column":2},"end":{"line":100,"column":3}}]},"22":{"type":"branch","line":95,"loc":{"start":{"line":95,"column":23},"end":{"line":99,"column":5}},"locations":[{"start":{"line":95,"column":23},"end":{"line":99,"column":5}}]},"23":{"type":"branch","line":102,"loc":{"start":{"line":102,"column":2},"end":{"line":138,"column":3}},"locations":[{"start":{"line":102,"column":2},"end":{"line":138,"column":3}}]},"24":{"type":"branch","line":105,"loc":{"start":{"line":105,"column":17},"end":{"line":105,"column":43}},"locations":[{"start":{"line":105,"column":17},"end":{"line":105,"column":43}}]},"25":{"type":"branch","line":105,"loc":{"start":{"line":105,"column":34},"end":{"line":105,"column":60}},"locations":[{"start":{"line":105,"column":34},"end":{"line":105,"column":60}}]},"26":{"type":"branch","line":105,"loc":{"start":{"line":105,"column":52},"end":{"line":105,"column":77}},"locations":[{"start":{"line":105,"column":52},"end":{"line":105,"column":77}}]},"27":{"type":"branch","line":105,"loc":{"start":{"line":105,"column":77},"end":{"line":113,"column":5}},"locations":[{"start":{"line":105,"column":77},"end":{"line":113,"column":5}}]},"28":{"type":"branch","line":105,"loc":{"start":{"line":105,"column":77},"end":{"line":107,"column":15}},"locations":[{"start":{"line":105,"column":77},"end":{"line":107,"column":15}}]},"29":{"type":"branch","line":107,"loc":{"start":{"line":107,"column":41},"end":{"line":109,"column":15}},"locations":[{"start":{"line":107,"column":41},"end":{"line":109,"column":15}}]},"30":{"type":"branch","line":109,"loc":{"start":{"line":109,"column":37},"end":{"line":111,"column":15}},"locations":[{"start":{"line":109,"column":37},"end":{"line":111,"column":15}}]},"31":{"type":"branch","line":111,"loc":{"start":{"line":111,"column":40},"end":{"line":113,"column":5}},"locations":[{"start":{"line":111,"column":40},"end":{"line":113,"column":5}}]},"32":{"type":"branch","line":116,"loc":{"start":{"line":116,"column":22},"end":{"line":119,"column":5}},"locations":[{"start":{"line":116,"column":22},"end":{"line":119,"column":5}}]},"33":{"type":"branch","line":119,"loc":{"start":{"line":119,"column":4},"end":{"line":137,"column":7}},"locations":[{"start":{"line":119,"column":4},"end":{"line":137,"column":7}}]},"34":{"type":"branch","line":125,"loc":{"start":{"line":125,"column":23},"end":{"line":125,"column":42}},"locations":[{"start":{"line":125,"column":23},"end":{"line":125,"column":42}}]}},"b":{"0":[58],"1":[2],"2":[56],"3":[13],"4":[13],"5":[14],"6":[0],"7":[14],"8":[48],"9":[14],"10":[34],"11":[15],"12":[1],"13":[2],"14":[2],"15":[9],"16":[0],"17":[2],"18":[1],"19":[1],"20":[2],"21":[1],"22":[1],"23":[3],"24":[2],"25":[2],"26":[2],"27":[2],"28":[1],"29":[0],"30":[0],"31":[1],"32":[2],"33":[1],"34":[4]},"fnMap":{"0":{"name":"Booking","decl":{"start":{"line":11,"column":0},"end":{"line":157,"column":1}},"loc":{"start":{"line":11,"column":0},"end":{"line":157,"column":1}},"line":11},"1":{"name":"updateBookingDetails","decl":{"start":{"line":22,"column":2},"end":{"line":30,"column":3}},"loc":{"start":{"line":22,"column":2},"end":{"line":30,"column":3}},"line":22},"2":{"name":"updateSize","decl":{"start":{"line":32,"column":2},"end":{"line":43,"column":3}},"loc":{"start":{"line":32,"column":2},"end":{"line":43,"column":3}},"line":32},"3":{"name":"addShoe","decl":{"start":{"line":45,"column":2},"end":{"line":49,"column":3}},"loc":{"start":{"line":45,"column":2},"end":{"line":49,"column":3}},"line":45},"4":{"name":"removeShoe","decl":{"start":{"line":51,"column":2},"end":{"line":55,"column":3}},"loc":{"start":{"line":51,"column":2},"end":{"line":55,"column":3}},"line":51},"5":{"name":"isShoeSizesFilled","decl":{"start":{"line":57,"column":2},"end":{"line":63,"column":3}},"loc":{"start":{"line":57,"column":2},"end":{"line":63,"column":3}},"line":57},"6":{"name":"checkPlayersAndLanes","decl":{"start":{"line":65,"column":2},"end":{"line":72,"column":3}},"loc":{"start":{"line":65,"column":2},"end":{"line":72,"column":3}},"line":65},"7":{"name":"sendBooking","decl":{"start":{"line":74,"column":2},"end":{"line":88,"column":3}},"loc":{"start":{"line":74,"column":2},"end":{"line":88,"column":3}},"line":74},"8":{"name":"comparePeopleAndShoes","decl":{"start":{"line":90,"column":2},"end":{"line":92,"column":3}},"loc":{"start":{"line":90,"column":2},"end":{"line":92,"column":3}},"line":90},"9":{"name":"saveConfirmation","decl":{"start":{"line":94,"column":2},"end":{"line":100,"column":3}},"loc":{"start":{"line":94,"column":2},"end":{"line":100,"column":3}},"line":94},"10":{"name":"book","decl":{"start":{"line":102,"column":2},"end":{"line":138,"column":3}},"loc":{"start":{"line":102,"column":2},"end":{"line":138,"column":3}},"line":102}},"f":{"0":58,"1":13,"2":14,"3":15,"4":1,"5":2,"6":2,"7":1,"8":2,"9":1,"10":3}}
,"C:\\Users\\explo\\Desktop\\IExam-test\\src\\views\\Confirmation.jsx": {"path":"C:\\Users\\explo\\Desktop\\IExam-test\\src\\views\\Confirmation.jsx","all":false,"statementMap":{"0":{"start":{"line":1,"column":0},"end":{"line":1,"column":29}},"1":{"start":{"line":2,"column":0},"end":{"line":2,"column":47}},"3":{"start":{"line":4,"column":0},"end":{"line":4,"column":40}},"4":{"start":{"line":5,"column":0},"end":{"line":5,"column":61}},"5":{"start":{"line":6,"column":0},"end":{"line":6,"column":46}},"7":{"start":{"line":8,"column":0},"end":{"line":8,"column":25}},"8":{"start":{"line":9,"column":0},"end":{"line":9,"column":34}},"10":{"start":{"line":11,"column":0},"end":{"line":11,"column":22}},"11":{"start":{"line":12,"column":0},"end":{"line":12,"column":33}},"12":{"start":{"line":13,"column":0},"end":{"line":13,"column":55}},"13":{"start":{"line":14,"column":0},"end":{"line":14,"column":10}},"14":{"start":{"line":15,"column":0},"end":{"line":15,"column":38}},"15":{"start":{"line":16,"column":0},"end":{"line":16,"column":20}},"16":{"start":{"line":17,"column":0},"end":{"line":17,"column":35}},"17":{"start":{"line":18,"column":0},"end":{"line":18,"column":32}},"18":{"start":{"line":19,"column":0},"end":{"line":19,"column":48}},"19":{"start":{"line":20,"column":0},"end":{"line":20,"column":16}},"20":{"start":{"line":21,"column":0},"end":{"line":21,"column":24}},"21":{"start":{"line":22,"column":0},"end":{"line":22,"column":23}},"22":{"start":{"line":23,"column":0},"end":{"line":23,"column":23}},"23":{"start":{"line":24,"column":0},"end":{"line":24,"column":45}},"24":{"start":{"line":25,"column":0},"end":{"line":25,"column":62}},"25":{"start":{"line":26,"column":0},"end":{"line":26,"column":31}},"26":{"start":{"line":27,"column":0},"end":{"line":27,"column":12}},"27":{"start":{"line":28,"column":0},"end":{"line":28,"column":16}},"28":{"start":{"line":29,"column":0},"end":{"line":29,"column":23}},"29":{"start":{"line":30,"column":0},"end":{"line":30,"column":23}},"30":{"start":{"line":31,"column":0},"end":{"line":31,"column":22}},"31":{"start":{"line":32,"column":0},"end":{"line":32,"column":45}},"32":{"start":{"line":33,"column":0},"end":{"line":33,"column":46}},"33":{"start":{"line":34,"column":0},"end":{"line":34,"column":31}},"34":{"start":{"line":35,"column":0},"end":{"line":35,"column":12}},"35":{"start":{"line":36,"column":0},"end":{"line":36,"column":16}},"36":{"start":{"line":37,"column":0},"end":{"line":37,"column":25}},"37":{"start":{"line":38,"column":0},"end":{"line":38,"column":23}},"38":{"start":{"line":39,"column":0},"end":{"line":39,"column":24}},"39":{"start":{"line":40,"column":0},"end":{"line":40,"column":45}},"40":{"start":{"line":41,"column":0},"end":{"line":41,"column":45}},"41":{"start":{"line":42,"column":0},"end":{"line":42,"column":31}},"42":{"start":{"line":43,"column":0},"end":{"line":43,"column":12}},"43":{"start":{"line":44,"column":0},"end":{"line":44,"column":16}},"44":{"start":{"line":45,"column":0},"end":{"line":45,"column":34}},"45":{"start":{"line":46,"column":0},"end":{"line":46,"column":23}},"46":{"start":{"line":47,"column":0},"end":{"line":47,"column":33}},"47":{"start":{"line":48,"column":0},"end":{"line":48,"column":45}},"48":{"start":{"line":49,"column":0},"end":{"line":49,"column":42}},"49":{"start":{"line":50,"column":0},"end":{"line":50,"column":31}},"50":{"start":{"line":51,"column":0},"end":{"line":51,"column":12}},"51":{"start":{"line":52,"column":0},"end":{"line":52,"column":51}},"52":{"start":{"line":53,"column":0},"end":{"line":53,"column":25}},"53":{"start":{"line":54,"column":0},"end":{"line":54,"column":43}},"54":{"start":{"line":55,"column":0},"end":{"line":55,"column":20}},"55":{"start":{"line":56,"column":0},"end":{"line":56,"column":58}},"57":{"start":{"line":58,"column":0},"end":{"line":58,"column":19}},"58":{"start":{"line":59,"column":0},"end":{"line":59,"column":15}},"60":{"start":{"line":61,"column":0},"end":{"line":61,"column":73}},"62":{"start":{"line":63,"column":0},"end":{"line":63,"column":14}},"64":{"start":{"line":65,"column":0},"end":{"line":65,"column":1}},"66":{"start":{"line":67,"column":0},"end":{"line":67,"column":28}}},"s":{"0":1,"1":1,"3":1,"4":1,"5":1,"7":4,"8":4,"10":4,"11":4,"12":3,"13":4,"14":4,"15":4,"16":4,"17":4,"18":2,"19":2,"20":2,"21":2,"22":2,"23":2,"24":2,"25":2,"26":2,"27":2,"28":2,"29":2,"30":2,"31":2,"32":2,"33":2,"34":2,"35":2,"36":2,"37":2,"38":2,"39":2,"40":2,"41":2,"42":2,"43":2,"44":2,"45":2,"46":2,"47":2,"48":2,"49":2,"50":2,"51":2,"52":2,"53":2,"54":2,"55":2,"57":2,"58":2,"60":2,"62":4,"64":4,"66":1},"branchMap":{"0":{"type":"branch","line":8,"loc":{"start":{"line":8,"column":0},"end":{"line":65,"column":1}},"locations":[{"start":{"line":8,"column":0},"end":{"line":65,"column":1}}]},"1":{"type":"branch","line":12,"loc":{"start":{"line":12,"column":4},"end":{"line":12,"column":33}},"locations":[{"start":{"line":12,"column":4},"end":{"line":12,"column":33}}]},"2":{"type":"branch","line":12,"loc":{"start":{"line":12,"column":11},"end":{"line":13,"column":55}},"locations":[{"start":{"line":12,"column":11},"end":{"line":13,"column":55}}]},"3":{"type":"branch","line":18,"loc":{"start":{"line":18,"column":7},"end":{"line":18,"column":32}},"locations":[{"start":{"line":18,"column":7},"end":{"line":18,"column":32}}]},"4":{"type":"branch","line":18,"loc":{"start":{"line":18,"column":16},"end":{"line":59,"column":15}},"locations":[{"start":{"line":18,"column":16},"end":{"line":59,"column":15}}]},"5":{"type":"branch","line":59,"loc":{"start":{"line":59,"column":8},"end":{"line":61,"column":73}},"locations":[{"start":{"line":59,"column":8},"end":{"line":61,"column":73}}]}},"b":{"0":[4],"1":[1],"2":[3],"3":[3],"4":[2],"5":[2]},"fnMap":{"0":{"name":"Confirmation","decl":{"start":{"line":8,"column":0},"end":{"line":65,"column":1}},"loc":{"start":{"line":8,"column":0},"end":{"line":65,"column":1}},"line":8}},"f":{"0":4}}
}
