TN:
SF:src\App.jsx
FN:6,App
FNF:1
FNH:1
FNDA:1,App
DA:1,1
DA:2,1
DA:4,1
DA:6,1
DA:8,1
DA:9,1
DA:10,1
DA:11,1
DA:13,1
DA:15,1
LF:10
LH:10
BRDA:6,0,0,1
BRF:1
BRH:1
end_of_record
TN:
SF:src\main.jsx
FN:1,(empty-report)
FNF:1
FNH:0
FNDA:0,(empty-report)
DA:1,0
DA:2,0
DA:3,0
DA:4,0
DA:6,0
DA:7,0
DA:8,0
DA:9,0
DA:10,0
LF:9
LH:0
BRDA:1,0,0,0
BRF:1
BRH:0
end_of_record
TN:
SF:src\router.jsx
FNF:0
FNH:0
DA:1,1
DA:3,1
DA:4,1
DA:6,1
DA:7,1
DA:8,1
DA:9,1
DA:10,1
DA:11,1
DA:12,1
DA:13,1
DA:14,1
DA:15,1
DA:17,1
LF:14
LH:14
BRF:0
BRH:0
end_of_record
TN:
SF:src\components\BookingInfo\BookingInfo.jsx
FN:5,BookingInfo
FNF:1
FNH:1
FNDA:58,BookingInfo
DA:1,1
DA:3,1
DA:5,58
DA:6,58
DA:7,58
DA:8,58
DA:9,58
DA:10,58
DA:11,58
DA:12,58
DA:13,58
DA:14,58
DA:15,58
DA:16,58
DA:17,58
DA:18,58
DA:19,58
DA:20,58
DA:21,58
DA:22,58
DA:23,58
DA:24,58
DA:25,58
DA:26,58
DA:27,58
DA:28,58
DA:29,58
DA:30,58
DA:31,58
DA:32,58
DA:33,58
DA:34,58
DA:35,58
DA:36,58
DA:37,58
DA:38,58
DA:39,58
DA:40,58
DA:41,58
DA:42,58
DA:43,58
DA:44,58
DA:46,58
DA:48,1
LF:44
LH:44
BRDA:5,0,0,58
BRF:1
BRH:1
end_of_record
TN:
SF:src\components\ErrorMessage\ErrorMessage.jsx
FN:3,ErrorMessage
FNF:1
FNH:1
FNDA:2,ErrorMessage
DA:1,1
DA:3,2
DA:4,2
DA:5,2
DA:6,2
DA:7,2
DA:9,2
DA:11,1
LF:8
LH:8
BRDA:3,0,0,2
BRF:1
BRH:1
end_of_record
TN:
SF:src\components\Input\Input.jsx
FN:3,Input
FNF:1
FNH:1
FNDA:337,Input
DA:1,1
DA:3,337
DA:4,337
DA:5,337
DA:6,337
DA:7,337
DA:8,337
DA:9,337
DA:10,337
DA:11,337
DA:12,337
DA:13,337
DA:14,337
DA:15,337
DA:16,337
DA:17,337
DA:18,337
DA:19,337
DA:20,337
DA:21,337
DA:22,337
DA:23,337
DA:24,337
DA:25,337
DA:26,337
DA:27,337
DA:28,337
DA:30,337
DA:32,1
LF:29
LH:29
BRDA:3,0,0,337
BRDA:20,1,0,279
BRDA:20,2,0,58
BRDA:24,3,0,8
BRDA:24,4,0,329
BRF:5
BRH:5
end_of_record
TN:
SF:src\components\Navigation\Navigation.jsx
FN:6,Navigation
FN:13,onClick
FN:15,onClick
FN:17,onClick
FNF:4
FNH:4
FNDA:68,Navigation
FNDA:2,onClick
FNDA:1,onClick
FNDA:1,onClick
DA:1,1
DA:2,1
DA:3,1
DA:4,1
DA:6,68
DA:7,68
DA:8,68
DA:10,68
DA:11,68
DA:12,68
DA:13,68
DA:14,68
DA:15,68
DA:16,68
DA:17,68
DA:18,68
DA:20,68
DA:22,1
LF:18
LH:18
BRDA:6,0,0,68
BRDA:11,1,0,4
BRDA:11,2,0,64
BRDA:14,3,0,4
BRDA:14,4,0,64
BRDA:16,5,0,4
BRDA:16,6,0,64
BRDA:13,7,0,2
BRDA:15,8,0,1
BRDA:17,9,0,1
BRF:10
BRH:10
end_of_record
TN:
SF:src\components\Shoes\Shoes.jsx
FN:6,Shoes
FN:21,onClick
FN:41,onClick
FNF:3
FNH:3
FNDA:58,Shoes
FNDA:1,onClick
FNDA:15,onClick
DA:1,1
DA:2,1
DA:4,1
DA:6,58
DA:7,58
DA:8,97
DA:9,97
DA:10,97
DA:11,97
DA:12,97
DA:13,97
DA:14,97
DA:15,97
DA:16,97
DA:17,97
DA:18,97
DA:19,97
DA:20,97
DA:21,97
DA:22,1
DA:23,1
DA:24,97
DA:26,97
DA:27,97
DA:30,97
DA:31,58
DA:33,58
DA:34,58
DA:35,58
DA:36,58
DA:37,58
DA:38,58
DA:39,58
DA:40,58
DA:41,58
DA:42,15
DA:43,15
DA:44,58
DA:46,58
DA:47,58
DA:49,58
DA:51,1
LF:42
LH:42
BRDA:6,0,0,58
BRDA:7,1,0,97
BRDA:21,2,0,1
BRDA:41,3,0,15
BRF:4
BRH:4
end_of_record
TN:
SF:src\components\Top\Top.jsx
FN:4,Top
FNF:1
FNH:1
FNDA:62,Top
DA:1,1
DA:2,1
DA:4,62
DA:5,62
DA:6,62
DA:7,62
DA:8,62
DA:9,62
DA:11,62
DA:13,1
LF:10
LH:10
BRDA:4,0,0,62
BRF:1
BRH:1
end_of_record
TN:
SF:src\mocks\handlers.js
FNF:0
FNH:0
DA:1,1
DA:2,1
DA:3,1
DA:4,1
DA:5,1
DA:6,1
DA:7,0
DA:8,0
DA:9,0
DA:10,1
DA:11,1
DA:12,1
DA:13,1
DA:14,1
DA:15,1
DA:16,1
DA:17,1
DA:18,1
DA:19,1
DA:20,1
DA:21,1
DA:22,1
DA:23,1
DA:24,1
DA:25,1
DA:26,1
DA:27,1
DA:28,1
DA:29,1
DA:30,1
DA:31,1
DA:32,1
DA:33,1
DA:34,1
LF:34
LH:31
BRDA:13,0,0,1
BRF:1
BRH:1
end_of_record
TN:
SF:src\mocks\server.js
FNF:0
FNH:0
DA:1,1
DA:2,1
DA:3,1
DA:4,1
LF:4
LH:4
BRF:0
BRH:0
end_of_record
TN:
SF:src\views\Booking.jsx
FN:11,Booking
FN:22,updateBookingDetails
FN:32,updateSize
FN:45,addShoe
FN:51,removeShoe
FN:57,isShoeSizesFilled
FN:65,checkPlayersAndLanes
FN:74,sendBooking
FN:90,comparePeopleAndShoes
FN:94,saveConfirmation
FN:102,book
FNF:11
FNH:11
FNDA:58,Booking
FNDA:13,updateBookingDetails
FNDA:14,updateSize
FNDA:15,addShoe
FNDA:1,removeShoe
FNDA:2,isShoeSizesFilled
FNDA:2,checkPlayersAndLanes
FNDA:1,sendBooking
FNDA:2,comparePeopleAndShoes
FNDA:1,saveConfirmation
FNDA:3,book
DA:1,1
DA:2,1
DA:3,1
DA:5,1
DA:6,1
DA:7,1
DA:8,1
DA:9,1
DA:11,58
DA:12,58
DA:13,58
DA:14,58
DA:15,58
DA:16,58
DA:17,58
DA:18,58
DA:19,58
DA:20,58
DA:22,58
DA:23,13
DA:24,13
DA:26,13
DA:27,13
DA:28,13
DA:29,13
DA:30,13
DA:32,58
DA:33,14
DA:34,14
DA:36,14
DA:37,14
DA:38,14
DA:39,48
DA:40,14
DA:41,14
DA:42,14
DA:43,14
DA:45,58
DA:46,15
DA:48,15
DA:49,15
DA:51,58
DA:52,1
DA:54,1
DA:55,1
DA:57,58
DA:58,2
DA:60,2
DA:62,2
DA:63,2
DA:65,58
DA:66,2
DA:67,2
DA:69,2
DA:71,1
DA:72,2
DA:74,58
DA:75,1
DA:76,1
DA:77,1
DA:78,1
DA:79,1
DA:80,1
DA:81,1
DA:82,1
DA:83,1
DA:84,1
DA:85,1
DA:87,1
DA:88,1
DA:90,58
DA:91,2
DA:92,2
DA:94,58
DA:95,1
DA:96,1
DA:98,1
DA:99,1
DA:100,1
DA:102,58
DA:103,3
DA:105,3
DA:106,1
DA:107,2
DA:108,0
DA:109,2
DA:110,0
DA:111,2
DA:112,1
DA:113,1
DA:116,3
DA:117,2
DA:118,2
DA:119,2
DA:121,1
DA:122,1
DA:123,1
DA:124,1
DA:125,1
DA:126,1
DA:128,1
DA:130,1
DA:132,1
DA:133,1
DA:135,1
DA:136,1
DA:137,1
DA:138,3
DA:140,58
DA:141,58
DA:142,58
DA:143,58
DA:144,58
DA:145,58
DA:146,58
DA:147,58
DA:148,58
DA:149,58
DA:150,58
DA:151,58
DA:153,58
DA:154,58
DA:155,58
DA:157,58
DA:159,1
LF:125
LH:123
BRDA:11,0,0,58
BRDA:154,1,0,2
BRDA:154,2,0,56
BRDA:22,3,0,13
BRDA:26,4,0,13
BRDA:32,5,0,14
BRDA:36,6,0,0
BRDA:37,7,0,14
BRDA:38,8,0,48
BRDA:39,9,0,14
BRDA:39,10,0,34
BRDA:45,11,0,15
BRDA:51,12,0,1
BRDA:54,13,0,2
BRDA:57,14,0,2
BRDA:60,15,0,9
BRDA:60,16,0,0
BRDA:65,17,0,2
BRDA:69,18,0,1
BRDA:74,19,0,1
BRDA:90,20,0,2
BRDA:94,21,0,1
BRDA:95,22,0,1
BRDA:102,23,0,3
BRDA:105,24,0,2
BRDA:105,25,0,2
BRDA:105,26,0,2
BRDA:105,27,0,2
BRDA:105,28,0,1
BRDA:107,29,0,0
BRDA:109,30,0,0
BRDA:111,31,0,1
BRDA:116,32,0,2
BRDA:119,33,0,1
BRDA:125,34,0,4
BRF:35
BRH:31
end_of_record
TN:
SF:src\views\Confirmation.jsx
FN:8,Confirmation
FNF:1
FNH:1
FNDA:4,Confirmation
DA:1,1
DA:2,1
DA:4,1
DA:5,1
DA:6,1
DA:8,4
DA:9,4
DA:11,4
DA:12,4
DA:13,3
DA:14,4
DA:15,4
DA:16,4
DA:17,4
DA:18,4
DA:19,2
DA:20,2
DA:21,2
DA:22,2
DA:23,2
DA:24,2
DA:25,2
DA:26,2
DA:27,2
DA:28,2
DA:29,2
DA:30,2
DA:31,2
DA:32,2
DA:33,2
DA:34,2
DA:35,2
DA:36,2
DA:37,2
DA:38,2
DA:39,2
DA:40,2
DA:41,2
DA:42,2
DA:43,2
DA:44,2
DA:45,2
DA:46,2
DA:47,2
DA:48,2
DA:49,2
DA:50,2
DA:51,2
DA:52,2
DA:53,2
DA:54,2
DA:55,2
DA:56,2
DA:58,2
DA:59,2
DA:61,2
DA:63,4
DA:65,4
DA:67,1
LF:59
LH:59
BRDA:8,0,0,4
BRDA:12,1,0,1
BRDA:12,2,0,3
BRDA:18,3,0,3
BRDA:18,4,0,2
BRDA:59,5,0,2
BRF:6
BRH:6
end_of_record
