TN:
SF:src\components\BookingInfo\BookingInfo.jsx
FN:5,BookingInfo
FNF:1
FNH:1
FNDA:42,BookingInfo
DA:1,1
DA:3,1
DA:5,42
DA:6,42
DA:7,42
DA:8,42
DA:9,42
DA:10,42
DA:11,42
DA:12,42
DA:13,42
DA:14,42
DA:15,42
DA:16,42
DA:17,42
DA:18,42
DA:19,42
DA:20,42
DA:21,42
DA:22,42
DA:23,42
DA:24,42
DA:25,42
DA:26,42
DA:27,42
DA:28,42
DA:29,42
DA:30,42
DA:31,42
DA:32,42
DA:33,42
DA:34,42
DA:35,42
DA:36,42
DA:37,42
DA:38,42
DA:39,42
DA:40,42
DA:41,42
DA:42,42
DA:43,42
DA:44,42
DA:46,42
DA:48,1
LF:44
LH:44
BRDA:5,0,0,42
BRF:1
BRH:1
end_of_record
TN:
SF:src\components\ErrorMessage\ErrorMessage.jsx
FN:3,ErrorMessage
FNF:1
FNH:1
FNDA:2,ErrorMessage
DA:1,1
DA:3,2
DA:4,2
DA:5,2
DA:6,2
DA:7,2
DA:9,2
DA:11,1
LF:8
LH:8
BRDA:3,0,0,2
BRF:1
BRH:1
end_of_record
TN:
SF:src\components\Input\Input.jsx
FN:3,Input
FNF:1
FNH:1
FNDA:239,Input
DA:1,1
DA:3,239
DA:4,239
DA:5,239
DA:6,239
DA:7,239
DA:8,239
DA:9,239
DA:10,239
DA:11,239
DA:12,239
DA:13,239
DA:14,239
DA:15,239
DA:16,239
DA:17,239
DA:18,239
DA:19,239
DA:20,239
DA:21,239
DA:22,239
DA:23,239
DA:24,239
DA:25,239
DA:26,239
DA:27,239
DA:28,239
DA:30,239
DA:32,1
LF:29
LH:29
BRDA:3,0,0,239
BRDA:20,1,0,197
BRDA:20,2,0,42
BRDA:24,3,0,0
BRF:4
BRH:3
end_of_record
TN:
SF:src\components\Navigation\Navigation.jsx
FN:6,Navigation
FN:13,onClick
FN:15,onClick
FN:17,onClick
FNF:4
FNH:1
FNDA:42,Navigation
FNDA:0,onClick
FNDA:0,onClick
FNDA:0,onClick
DA:1,1
DA:2,1
DA:3,1
DA:4,1
DA:6,42
DA:7,42
DA:8,42
DA:10,42
DA:11,42
DA:12,42
DA:13,42
DA:14,42
DA:15,42
DA:16,42
DA:17,42
DA:18,42
DA:20,42
DA:22,1
LF:18
LH:18
BRDA:6,0,0,42
BRDA:11,1,0,0
BRDA:14,2,0,0
BRDA:16,3,0,0
BRF:4
BRH:1
end_of_record
TN:
SF:src\components\Shoes\Shoes.jsx
FN:6,Shoes
FN:21,onClick
FN:41,onClick
FNF:3
FNH:3
FNDA:42,Shoes
FNDA:1,onClick
FNDA:11,onClick
DA:1,1
DA:2,1
DA:4,1
DA:6,42
DA:7,42
DA:8,71
DA:9,71
DA:10,71
DA:11,71
DA:12,71
DA:13,71
DA:14,71
DA:15,71
DA:16,71
DA:17,71
DA:18,71
DA:19,71
DA:20,71
DA:21,71
DA:22,1
DA:23,1
DA:24,71
DA:26,71
DA:27,71
DA:30,71
DA:31,42
DA:33,42
DA:34,42
DA:35,42
DA:36,42
DA:37,42
DA:38,42
DA:39,42
DA:40,42
DA:41,42
DA:42,11
DA:43,11
DA:44,42
DA:46,42
DA:47,42
DA:49,42
DA:51,1
LF:42
LH:42
BRDA:6,0,0,42
BRDA:7,1,0,71
BRDA:21,2,0,1
BRDA:41,3,0,11
BRF:4
BRH:4
end_of_record
TN:
SF:src\components\Top\Top.jsx
FN:4,Top
FNF:1
FNH:1
FNDA:42,Top
DA:1,1
DA:2,1
DA:4,42
DA:5,42
DA:6,42
DA:7,42
DA:8,42
DA:9,42
DA:11,42
DA:13,1
LF:10
LH:10
BRDA:4,0,0,42
BRF:1
BRH:1
end_of_record
TN:
SF:src\mocks\handlers.js
FNF:0
FNH:0
DA:1,1
DA:2,1
DA:3,1
DA:4,1
DA:5,1
DA:6,1
DA:7,0
DA:8,0
DA:9,0
DA:10,1
DA:11,1
DA:12,1
DA:13,1
DA:14,0
DA:15,0
DA:16,0
DA:17,0
DA:18,0
DA:19,0
DA:20,0
DA:21,0
DA:22,0
DA:23,0
DA:24,0
DA:25,0
DA:26,0
DA:27,0
DA:28,0
DA:29,0
DA:30,0
DA:31,0
DA:32,0
DA:33,1
DA:34,1
LF:34
LH:12
BRF:0
BRH:0
end_of_record
TN:
SF:src\mocks\server.js
FNF:0
FNH:0
DA:1,1
DA:2,1
DA:3,1
DA:4,1
LF:4
LH:4
BRF:0
BRH:0
end_of_record
TN:
SF:src\views\Booking.jsx
FN:11,Booking
FN:22,updateBookingDetails
FN:32,updateSize
FN:45,addShoe
FN:51,removeShoe
FN:57,isShoeSizesFilled
FN:65,checkPlayersAndLanes
FN:74,sendBooking
FN:90,comparePeopleAndShoes
FN:94,saveConfirmation
FN:102,book
FNF:11
FNH:9
FNDA:42,Booking
FNDA:9,updateBookingDetails
FNDA:10,updateSize
FNDA:11,addShoe
FNDA:1,removeShoe
FNDA:1,isShoeSizesFilled
FNDA:1,checkPlayersAndLanes
FNDA:0,sendBooking
FNDA:1,comparePeopleAndShoes
FNDA:0,saveConfirmation
FNDA:2,book
DA:1,1
DA:2,1
DA:3,1
DA:5,1
DA:6,1
DA:7,1
DA:8,1
DA:9,1
DA:11,42
DA:12,42
DA:13,42
DA:14,42
DA:15,42
DA:16,42
DA:17,42
DA:18,42
DA:19,42
DA:20,42
DA:22,42
DA:23,9
DA:24,9
DA:26,9
DA:27,9
DA:28,9
DA:29,9
DA:30,9
DA:32,42
DA:33,10
DA:34,10
DA:36,10
DA:37,10
DA:38,10
DA:39,32
DA:40,10
DA:41,10
DA:42,10
DA:43,10
DA:45,42
DA:46,11
DA:48,11
DA:49,11
DA:51,42
DA:52,1
DA:54,1
DA:55,1
DA:57,42
DA:58,1
DA:60,1
DA:62,1
DA:63,1
DA:65,42
DA:66,1
DA:67,1
DA:69,1
DA:71,1
DA:72,1
DA:74,42
DA:75,0
DA:76,0
DA:77,0
DA:78,0
DA:79,0
DA:80,0
DA:81,0
DA:82,0
DA:83,0
DA:84,0
DA:85,0
DA:87,0
DA:88,0
DA:90,42
DA:91,1
DA:92,1
DA:94,42
DA:95,0
DA:96,0
DA:98,0
DA:99,0
DA:100,0
DA:102,42
DA:103,2
DA:105,2
DA:106,1
DA:107,1
DA:108,0
DA:109,1
DA:110,0
DA:111,1
DA:112,1
DA:113,1
DA:116,2
DA:117,2
DA:118,2
DA:119,2
DA:121,0
DA:122,0
DA:123,0
DA:124,0
DA:125,0
DA:126,0
DA:128,0
DA:130,0
DA:132,0
DA:133,0
DA:135,0
DA:136,0
DA:137,0
DA:138,2
DA:140,42
DA:141,42
DA:142,42
DA:143,42
DA:144,42
DA:145,42
DA:146,42
DA:147,42
DA:148,42
DA:149,42
DA:150,42
DA:151,42
DA:153,42
DA:154,42
DA:155,42
DA:157,42
DA:159,1
LF:125
LH:92
BRDA:11,0,0,42
BRDA:154,1,0,2
BRDA:154,2,0,40
BRDA:22,3,0,9
BRDA:26,4,0,9
BRDA:32,5,0,10
BRDA:36,6,0,0
BRDA:37,7,0,10
BRDA:38,8,0,32
BRDA:39,9,0,10
BRDA:39,10,0,22
BRDA:45,11,0,11
BRDA:51,12,0,1
BRDA:54,13,0,2
BRDA:57,14,0,1
BRDA:60,15,0,5
BRDA:60,16,0,0
BRDA:65,17,0,1
BRDA:69,18,0,0
BRDA:90,19,0,1
BRDA:102,20,0,2
BRDA:105,21,0,1
BRDA:105,22,0,1
BRDA:105,23,0,1
BRDA:105,24,0,1
BRDA:107,25,0,0
BRDA:109,26,0,0
BRDA:119,27,0,0
BRF:28
BRH:22
end_of_record
